  Akabe.cpp
C:\PG\GameDevelopmentApplication1\Develop\Objects\Enemy\Ghost\Akabe\Akabe.cpp(1,1): warning C4828: オフセット 0xc8 から始まる、現在のソースの文字セット (コードページ 65001) では使用できない文字がファイルに含まれています。
C:\PG\GameDevelopmentApplication1\Develop\Objects\Enemy\Ghost\Akabe\Akabe.cpp(1,1): warning C4828: オフセット 0xca から始まる、現在のソースの文字セット (コードページ 65001) では使用できない文字がファイルに含まれています。
C:\PG\GameDevelopmentApplication1\Develop\Objects\Enemy\Ghost\Akabe\Akabe.cpp(1,1): warning C4828: オフセット 0xcb から始まる、現在のソースの文字セット (コードページ 65001) では使用できない文字がファイルに含まれています。
C:\PG\GameDevelopmentApplication1\Develop\Objects\Enemy\Ghost\Akabe\Akabe.cpp(1,1): warning C4828: オフセット 0xcc から始まる、現在のソースの文字セット (コードページ 65001) では使用できない文字がファイルに含まれています。
C:\PG\GameDevelopmentApplication1\Develop\Objects\Enemy\Ghost\Akabe\Akabe.cpp(1,1): warning C4828: オフセット 0xce から始まる、現在のソースの文字セット (コードページ 65001) では使用できない文字がファイルに含まれています。
C:\PG\GameDevelopmentApplication1\Develop\Objects\Enemy\Ghost\Akabe\Akabe.cpp(1,1): warning C4828: オフセット 0xd0 から始まる、現在のソースの文字セット (コードページ 65001) では使用できない文字がファイルに含まれています。
C:\PG\GameDevelopmentApplication1\Develop\Objects\Enemy\Ghost\Akabe\Akabe.cpp(1,1): warning C4828: オフセット 0xd1 から始まる、現在のソースの文字セット (コードページ 65001) では使用できない文字がファイルに含まれています。
C:\PG\GameDevelopmentApplication1\Develop\Objects\Enemy\Ghost\Akabe\Akabe.cpp(1,1): warning C4828: オフセット 0xd2 から始まる、現在のソースの文字セット (コードページ 65001) では使用できない文字がファイルに含まれています。
C:\PG\GameDevelopmentApplication1\Develop\Objects\Enemy\Ghost\Akabe\Akabe.cpp(1,1): warning C4828: オフセット 0xd4 から始まる、現在のソースの文字セット (コードページ 65001) では使用できない文字がファイルに含まれています。
C:\PG\GameDevelopmentApplication1\Develop\Objects\Enemy\Ghost\Akabe\Akabe.cpp(1,1): warning C4828: オフセット 0x113 から始まる、現在のソースの文字セット (コードページ 65001) では使用できない文字がファイルに含まれています。
C:\PG\GameDevelopmentApplication1\Develop\Objects\Enemy\Ghost\Akabe\Akabe.cpp(1,1): warning C4828: オフセット 0x115 から始まる、現在のソースの文字セット (コードページ 65001) では使用できない文字がファイルに含まれています。
C:\PG\GameDevelopmentApplication1\Develop\Objects\Enemy\Ghost\Akabe\Akabe.cpp(1,1): warning C4828: オフセット 0x117 から始まる、現在のソースの文字セット (コードページ 65001) では使用できない文字がファイルに含まれています。
C:\PG\GameDevelopmentApplication1\Develop\Objects\Enemy\Ghost\Akabe\Akabe.cpp(1,1): warning C4828: オフセット 0x119 から始まる、現在のソースの文字セット (コードページ 65001) では使用できない文字がファイルに含まれています。
C:\PG\GameDevelopmentApplication1\Develop\Objects\Enemy\Ghost\Akabe\Akabe.cpp(1,1): warning C4828: オフセット 0x11a から始まる、現在のソースの文字セット (コードページ 65001) では使用できない文字がファイルに含まれています。
C:\PG\GameDevelopmentApplication1\Develop\Objects\Enemy\Ghost\Akabe\Akabe.cpp(1,1): warning C4828: オフセット 0x11b から始まる、現在のソースの文字セット (コードページ 65001) では使用できない文字がファイルに含まれています。
C:\PG\GameDevelopmentApplication1\Develop\Objects\Enemy\Ghost\Akabe\Akabe.cpp(1,1): warning C4828: オフセット 0x11d から始まる、現在のソースの文字セット (コードページ 65001) では使用できない文字がファイルに含まれています。
C:\PG\GameDevelopmentApplication1\Develop\Objects\Enemy\Ghost\Akabe\Akabe.cpp(1,1): warning C4828: オフセット 0x13c から始まる、現在のソースの文字セット (コードページ 65001) では使用できない文字がファイルに含まれています。
C:\PG\GameDevelopmentApplication1\Develop\Objects\Enemy\Ghost\Akabe\Akabe.cpp(1,1): warning C4828: オフセット 0x13d から始まる、現在のソースの文字セット (コードページ 65001) では使用できない文字がファイルに含まれています。
C:\PG\GameDevelopmentApplication1\Develop\Objects\Enemy\Ghost\Akabe\Akabe.cpp(1,1): warning C4828: オフセット 0x13e から始まる、現在のソースの文字セット (コードページ 65001) では使用できない文字がファイルに含まれています。
C:\PG\GameDevelopmentApplication1\Develop\Objects\Enemy\Ghost\Akabe\Akabe.cpp(1,1): warning C4828: オフセット 0x13f から始まる、現在のソースの文字セット (コードページ 65001) では使用できない文字がファイルに含まれています。
C:\PG\GameDevelopmentApplication1\Develop\Objects\Enemy\Ghost\Akabe\Akabe.cpp(1,1): warning C4828: オフセット 0x140 から始まる、現在のソースの文字セット (コードページ 65001) では使用できない文字がファイルに含まれています。
C:\PG\GameDevelopmentApplication1\Develop\Objects\Enemy\Ghost\Akabe\Akabe.cpp(1,1): warning C4828: オフセット 0x141 から始まる、現在のソースの文字セット (コードページ 65001) では使用できない文字がファイルに含まれています。
C:\PG\GameDevelopmentApplication1\Develop\Objects\Enemy\Ghost\Akabe\Akabe.cpp(1,1): warning C4828: オフセット 0x142 から始まる、現在のソースの文字セット (コードページ 65001) では使用できない文字がファイルに含まれています。
C:\PG\GameDevelopmentApplication1\Develop\Objects\Enemy\Ghost\Akabe\Akabe.cpp(1,1): warning C4828: オフセット 0x143 から始まる、現在のソースの文字セット (コードページ 65001) では使用できない文字がファイルに含まれています。
C:\PG\GameDevelopmentApplication1\Develop\Objects\Enemy\Ghost\Akabe\Akabe.cpp(1,1): warning C4828: オフセット 0x144 から始まる、現在のソースの文字セット (コードページ 65001) では使用できない文字がファイルに含まれています。
C:\PG\GameDevelopmentApplication1\Develop\Objects\Enemy\Ghost\Akabe\Akabe.cpp(1,1): warning C4828: オフセット 0x145 から始まる、現在のソースの文字セット (コードページ 65001) では使用できない文字がファイルに含まれています。
C:\PG\GameDevelopmentApplication1\Develop\Objects\Enemy\Ghost\Akabe\Akabe.cpp(1,1): warning C4828: オフセット 0x169 から始まる、現在のソースの文字セット (コードページ 65001) では使用できない文字がファイルに含まれています。
C:\PG\GameDevelopmentApplication1\Develop\Objects\Enemy\Ghost\Akabe\Akabe.cpp(1,1): warning C4828: オフセット 0x16b から始まる、現在のソースの文字セット (コードページ 65001) では使用できない文字がファイルに含まれています。
C:\PG\GameDevelopmentApplication1\Develop\Objects\Enemy\Ghost\Akabe\Akabe.cpp(1,1): warning C4828: オフセット 0x16d から始まる、現在のソースの文字セット (コードページ 65001) では使用できない文字がファイルに含まれています。
C:\PG\GameDevelopmentApplication1\Develop\Objects\Enemy\Ghost\Akabe\Akabe.cpp(1,1): warning C4828: オフセット 0x16e から始まる、現在のソースの文字セット (コードページ 65001) では使用できない文字がファイルに含まれています。
C:\PG\GameDevelopmentApplication1\Develop\Objects\Enemy\Ghost\Akabe\Akabe.cpp(1,1): warning C4828: オフセット 0x16f から始まる、現在のソースの文字セット (コードページ 65001) では使用できない文字がファイルに含まれています。
C:\PG\GameDevelopmentApplication1\Develop\Objects\Enemy\Ghost\Akabe\Akabe.cpp(1,1): warning C4828: オフセット 0x171 から始まる、現在のソースの文字セット (コードページ 65001) では使用できない文字がファイルに含まれています。
C:\PG\GameDevelopmentApplication1\Develop\Objects\Enemy\Ghost\Akabe\Akabe.cpp(1,1): warning C4828: オフセット 0x173 から始まる、現在のソースの文字セット (コードページ 65001) では使用できない文字がファイルに含まれています。
C:\PG\GameDevelopmentApplication1\Develop\Objects\Enemy\Ghost\Akabe\Akabe.cpp(1,1): warning C4828: オフセット 0x174 から始まる、現在のソースの文字セット (コードページ 65001) では使用できない文字がファイルに含まれています。
C:\PG\GameDevelopmentApplication1\Develop\Objects\Enemy\Ghost\Akabe\Akabe.cpp(1,1): warning C4828: オフセット 0x175 から始まる、現在のソースの文字セット (コードページ 65001) では使用できない文字がファイルに含まれています。
C:\PG\GameDevelopmentApplication1\Develop\Objects\Enemy\Ghost\Akabe\Akabe.cpp(1,1): warning C4828: オフセット 0x176 から始まる、現在のソースの文字セット (コードページ 65001) では使用できない文字がファイルに含まれています。
C:\PG\GameDevelopmentApplication1\Develop\Objects\Enemy\Ghost\Akabe\Akabe.cpp(1,1): warning C4828: オフセット 0x177 から始まる、現在のソースの文字セット (コードページ 65001) では使用できない文字がファイルに含まれています。
C:\PG\GameDevelopmentApplication1\Develop\Objects\Enemy\Ghost\Akabe\Akabe.cpp(1,1): warning C4828: オフセット 0x17b から始まる、現在のソースの文字セット (コードページ 65001) では使用できない文字がファイルに含まれています。
C:\PG\GameDevelopmentApplication1\Develop\Objects\Enemy\Ghost\Akabe\Akabe.cpp(1,1): warning C4828: オフセット 0x182 から始まる、現在のソースの文字セット (コードページ 65001) では使用できない文字がファイルに含まれています。
C:\PG\GameDevelopmentApplication1\Develop\Objects\Enemy\Ghost\Akabe\Akabe.cpp(1,1): warning C4828: オフセット 0x183 から始まる、現在のソースの文字セット (コードページ 65001) では使用できない文字がファイルに含まれています。
C:\PG\GameDevelopmentApplication1\Develop\Objects\Enemy\Ghost\Akabe\Akabe.cpp(1,1): warning C4828: オフセット 0x184 から始まる、現在のソースの文字セット (コードページ 65001) では使用できない文字がファイルに含まれています。
C:\PG\GameDevelopmentApplication1\Develop\Objects\Enemy\Ghost\Akabe\Akabe.cpp(1,1): warning C4828: オフセット 0x268 から始まる、現在のソースの文字セット (コードページ 65001) では使用できない文字がファイルに含まれています。
C:\PG\GameDevelopmentApplication1\Develop\Objects\Enemy\Ghost\Akabe\Akabe.cpp(1,1): warning C4828: オフセット 0x269 から始まる、現在のソースの文字セット (コードページ 65001) では使用できない文字がファイルに含まれています。
C:\PG\GameDevelopmentApplication1\Develop\Objects\Enemy\Ghost\Akabe\Akabe.cpp(1,1): warning C4828: オフセット 0x26a から始まる、現在のソースの文字セット (コードページ 65001) では使用できない文字がファイルに含まれています。
C:\PG\GameDevelopmentApplication1\Develop\Objects\Enemy\Ghost\Akabe\Akabe.cpp(1,1): warning C4828: オフセット 0x26b から始まる、現在のソースの文字セット (コードページ 65001) では使用できない文字がファイルに含まれています。
C:\PG\GameDevelopmentApplication1\Develop\Objects\Enemy\Ghost\Akabe\Akabe.cpp(1,1): warning C4828: オフセット 0x26c から始まる、現在のソースの文字セット (コードページ 65001) では使用できない文字がファイルに含まれています。
C:\PG\GameDevelopmentApplication1\Develop\Objects\Enemy\Ghost\Akabe\Akabe.cpp(1,1): warning C4828: オフセット 0x270 から始まる、現在のソースの文字セット (コードページ 65001) では使用できない文字がファイルに含まれています。
C:\PG\GameDevelopmentApplication1\Develop\Objects\Enemy\Ghost\Akabe\Akabe.cpp(1,1): warning C4828: オフセット 0x271 から始まる、現在のソースの文字セット (コードページ 65001) では使用できない文字がファイルに含まれています。
C:\PG\GameDevelopmentApplication1\Develop\Objects\Enemy\Ghost\Akabe\Akabe.cpp(1,1): warning C4828: オフセット 0x274 から始まる、現在のソースの文字セット (コードページ 65001) では使用できない文字がファイルに含まれています。
C:\PG\GameDevelopmentApplication1\Develop\Objects\Enemy\Ghost\Akabe\Akabe.cpp(1,1): warning C4828: オフセット 0x277 から始まる、現在のソースの文字セット (コードページ 65001) では使用できない文字がファイルに含まれています。
C:\PG\GameDevelopmentApplication1\Develop\Objects\Enemy\Ghost\Akabe\Akabe.cpp(1,1): warning C4828: オフセット 0x3b5 から始まる、現在のソースの文字セット (コードページ 65001) では使用できない文字がファイルに含まれています。
C:\PG\GameDevelopmentApplication1\Develop\Objects\Enemy\Ghost\Akabe\Akabe.cpp(1,1): warning C4828: オフセット 0x3b6 から始まる、現在のソースの文字セット (コードページ 65001) では使用できない文字がファイルに含まれています。
C:\PG\GameDevelopmentApplication1\Develop\Objects\Enemy\Ghost\Akabe\Akabe.cpp(1,1): warning C4828: オフセット 0x3b7 から始まる、現在のソースの文字セット (コードページ 65001) では使用できない文字がファイルに含まれています。
C:\PG\GameDevelopmentApplication1\Develop\Objects\Enemy\Ghost\Akabe\Akabe.cpp(1,1): warning C4828: オフセット 0x3b9 から始まる、現在のソースの文字セット (コードページ 65001) では使用できない文字がファイルに含まれています。
C:\PG\GameDevelopmentApplication1\Develop\Objects\Enemy\Ghost\Akabe\Akabe.cpp(1,1): warning C4828: オフセット 0x3ba から始まる、現在のソースの文字セット (コードページ 65001) では使用できない文字がファイルに含まれています。
C:\PG\GameDevelopmentApplication1\Develop\Objects\Enemy\Ghost\Akabe\Akabe.cpp(1,1): warning C4828: オフセット 0x3bb から始まる、現在のソースの文字セット (コードページ 65001) では使用できない文字がファイルに含まれています。
C:\PG\GameDevelopmentApplication1\Develop\Objects\Enemy\Ghost\Akabe\Akabe.cpp(1,1): warning C4828: オフセット 0x3bd から始まる、現在のソースの文字セット (コードページ 65001) では使用できない文字がファイルに含まれています。
C:\PG\GameDevelopmentApplication1\Develop\Objects\Enemy\Ghost\Akabe\Akabe.cpp(1,1): warning C4828: オフセット 0x3c2 から始まる、現在のソースの文字セット (コードページ 65001) では使用できない文字がファイルに含まれています。
C:\PG\GameDevelopmentApplication1\Develop\Objects\Enemy\Ghost\Akabe\Akabe.cpp(1,1): warning C4828: オフセット 0x3da から始まる、現在のソースの文字セット (コードページ 65001) では使用できない文字がファイルに含まれています。
C:\PG\GameDevelopmentApplication1\Develop\Objects\Enemy\Ghost\Akabe\Akabe.cpp(1,1): warning C4828: オフセット 0x3dd から始まる、現在のソースの文字セット (コードページ 65001) では使用できない文字がファイルに含まれています。
C:\PG\GameDevelopmentApplication1\Develop\Objects\Enemy\Ghost\Akabe\Akabe.cpp(1,1): warning C4828: オフセット 0x3de から始まる、現在のソースの文字セット (コードページ 65001) では使用できない文字がファイルに含まれています。
C:\PG\GameDevelopmentApplication1\Develop\Objects\Enemy\Ghost\Akabe\Akabe.cpp(1,1): warning C4828: オフセット 0x3df から始まる、現在のソースの文字セット (コードページ 65001) では使用できない文字がファイルに含まれています。
C:\PG\GameDevelopmentApplication1\Develop\Objects\Enemy\Ghost\Akabe\Akabe.cpp(1,1): warning C4828: オフセット 0x3e0 から始まる、現在のソースの文字セット (コードページ 65001) では使用できない文字がファイルに含まれています。
C:\PG\GameDevelopmentApplication1\Develop\Objects\Enemy\Ghost\Akabe\Akabe.cpp(1,1): warning C4828: オフセット 0x3e5 から始まる、現在のソースの文字セット (コードページ 65001) では使用できない文字がファイルに含まれています。
C:\PG\GameDevelopmentApplication1\Develop\Objects\Enemy\Ghost\Akabe\Akabe.cpp(1,1): warning C4828: オフセット 0x42b から始まる、現在のソースの文字セット (コードページ 65001) では使用できない文字がファイルに含まれています。
C:\PG\GameDevelopmentApplication1\Develop\Objects\Enemy\Ghost\Akabe\Akabe.cpp(1,1): warning C4828: オフセット 0x42d から始まる、現在のソースの文字セット (コードページ 65001) では使用できない文字がファイルに含まれています。
C:\PG\GameDevelopmentApplication1\Develop\Objects\Enemy\Ghost\Akabe\Akabe.cpp(1,1): warning C4828: オフセット 0x42f から始まる、現在のソースの文字セット (コードページ 65001) では使用できない文字がファイルに含まれています。
C:\PG\GameDevelopmentApplication1\Develop\Objects\Enemy\Ghost\Akabe\Akabe.cpp(1,1): warning C4828: オフセット 0x430 から始まる、現在のソースの文字セット (コードページ 65001) では使用できない文字がファイルに含まれています。
C:\PG\GameDevelopmentApplication1\Develop\Objects\Enemy\Ghost\Akabe\Akabe.cpp(1,1): warning C4828: オフセット 0x431 から始まる、現在のソースの文字セット (コードページ 65001) では使用できない文字がファイルに含まれています。
C:\PG\GameDevelopmentApplication1\Develop\Objects\Enemy\Ghost\Akabe\Akabe.cpp(1,1): warning C4828: オフセット 0x432 から始まる、現在のソースの文字セット (コードページ 65001) では使用できない文字がファイルに含まれています。
C:\PG\GameDevelopmentApplication1\Develop\Objects\Enemy\Ghost\Akabe\Akabe.cpp(1,1): warning C4828: オフセット 0x49c から始まる、現在のソースの文字セット (コードページ 65001) では使用できない文字がファイルに含まれています。
C:\PG\GameDevelopmentApplication1\Develop\Objects\Enemy\Ghost\Akabe\Akabe.cpp(1,1): warning C4828: オフセット 0x49e から始まる、現在のソースの文字セット (コードページ 65001) では使用できない文字がファイルに含まれています。
C:\PG\GameDevelopmentApplication1\Develop\Objects\Enemy\Ghost\Akabe\Akabe.cpp(1,1): warning C4828: オフセット 0x4a2 から始まる、現在のソースの文字セット (コードページ 65001) では使用できない文字がファイルに含まれています。
C:\PG\GameDevelopmentApplication1\Develop\Objects\Enemy\Ghost\Akabe\Akabe.cpp(1,1): warning C4828: オフセット 0x4a3 から始まる、現在のソースの文字セット (コードページ 65001) では使用できない文字がファイルに含まれています。
C:\PG\GameDevelopmentApplication1\Develop\Objects\Enemy\Ghost\Akabe\Akabe.cpp(1,1): warning C4828: オフセット 0x4e3 から始まる、現在のソースの文字セット (コードページ 65001) では使用できない文字がファイルに含まれています。
C:\PG\GameDevelopmentApplication1\Develop\Objects\Enemy\Ghost\Akabe\Akabe.cpp(1,1): warning C4828: オフセット 0x4e5 から始まる、現在のソースの文字セット (コードページ 65001) では使用できない文字がファイルに含まれています。
C:\PG\GameDevelopmentApplication1\Develop\Objects\Enemy\Ghost\Akabe\Akabe.cpp(1,1): warning C4828: オフセット 0x4e7 から始まる、現在のソースの文字セット (コードページ 65001) では使用できない文字がファイルに含まれています。
C:\PG\GameDevelopmentApplication1\Develop\Objects\Enemy\Ghost\Akabe\Akabe.cpp(1,1): warning C4828: オフセット 0x4e8 から始まる、現在のソースの文字セット (コードページ 65001) では使用できない文字がファイルに含まれています。
C:\PG\GameDevelopmentApplication1\Develop\Objects\Enemy\Ghost\Akabe\Akabe.cpp(1,1): warning C4828: オフセット 0x4e9 から始まる、現在のソースの文字セット (コードページ 65001) では使用できない文字がファイルに含まれています。
C:\PG\GameDevelopmentApplication1\Develop\Objects\Enemy\Ghost\Akabe\Akabe.cpp(1,1): warning C4828: オフセット 0x4eb から始まる、現在のソースの文字セット (コードページ 65001) では使用できない文字がファイルに含まれています。
C:\PG\GameDevelopmentApplication1\Develop\Objects\Enemy\Ghost\Akabe\Akabe.cpp(1,1): warning C4828: オフセット 0x4ef から始まる、現在のソースの文字セット (コードページ 65001) では使用できない文字がファイルに含まれています。
C:\PG\GameDevelopmentApplication1\Develop\Objects\Enemy\Ghost\Akabe\Akabe.cpp(1,1): warning C4828: オフセット 0x4f3 から始まる、現在のソースの文字セット (コードページ 65001) では使用できない文字がファイルに含まれています。
C:\PG\GameDevelopmentApplication1\Develop\Objects\Enemy\Ghost\Akabe\Akabe.cpp(1,1): warning C4828: オフセット 0x4f4 から始まる、現在のソースの文字セット (コードページ 65001) では使用できない文字がファイルに含まれています。
C:\PG\GameDevelopmentApplication1\Develop\Objects\Enemy\Ghost\Akabe\Akabe.cpp(1,1): warning C4828: オフセット 0x4f5 から始まる、現在のソースの文字セット (コードページ 65001) では使用できない文字がファイルに含まれています。
C:\PG\GameDevelopmentApplication1\Develop\Objects\Enemy\Ghost\Akabe\Akabe.cpp(1,1): warning C4828: オフセット 0x4f6 から始まる、現在のソースの文字セット (コードページ 65001) では使用できない文字がファイルに含まれています。
C:\PG\GameDevelopmentApplication1\Develop\Objects\Enemy\Ghost\Akabe\Akabe.cpp(1,1): warning C4828: オフセット 0x4fd から始まる、現在のソースの文字セット (コードページ 65001) では使用できない文字がファイルに含まれています。
C:\PG\GameDevelopmentApplication1\Develop\Objects\Enemy\Ghost\Akabe\Akabe.cpp(1,1): warning C4828: オフセット 0x4fe から始まる、現在のソースの文字セット (コードページ 65001) では使用できない文字がファイルに含まれています。
C:\PG\GameDevelopmentApplication1\Develop\Objects\Enemy\Ghost\Akabe\Akabe.cpp(1,1): warning C4828: オフセット 0x547 から始まる、現在のソースの文字セット (コードページ 65001) では使用できない文字がファイルに含まれています。
C:\PG\GameDevelopmentApplication1\Develop\Objects\Enemy\Ghost\Akabe\Akabe.cpp(1,1): warning C4828: オフセット 0x548 から始まる、現在のソースの文字セット (コードページ 65001) では使用できない文字がファイルに含まれています。
C:\PG\GameDevelopmentApplication1\Develop\Objects\Enemy\Ghost\Akabe\Akabe.cpp(1,1): warning C4828: オフセット 0x549 から始まる、現在のソースの文字セット (コードページ 65001) では使用できない文字がファイルに含まれています。
C:\PG\GameDevelopmentApplication1\Develop\Objects\Enemy\Ghost\Akabe\Akabe.cpp(1,1): warning C4828: オフセット 0x584 から始まる、現在のソースの文字セット (コードページ 65001) では使用できない文字がファイルに含まれています。
C:\PG\GameDevelopmentApplication1\Develop\Objects\Enemy\Ghost\Akabe\Akabe.cpp(1,1): warning C4828: オフセット 0x585 から始まる、現在のソースの文字セット (コードページ 65001) では使用できない文字がファイルに含まれています。
C:\PG\GameDevelopmentApplication1\Develop\Objects\Enemy\Ghost\Akabe\Akabe.cpp(1,1): warning C4828: オフセット 0x586 から始まる、現在のソースの文字セット (コードページ 65001) では使用できない文字がファイルに含まれています。
C:\PG\GameDevelopmentApplication1\Develop\Objects\Enemy\Ghost\Akabe\Akabe.cpp(1,1): warning C4828: オフセット 0x5c0 から始まる、現在のソースの文字セット (コードページ 65001) では使用できない文字がファイルに含まれています。
C:\PG\GameDevelopmentApplication1\Develop\Objects\Enemy\Ghost\Akabe\Akabe.cpp(1,1): warning C4828: オフセット 0x5c2 から始まる、現在のソースの文字セット (コードページ 65001) では使用できない文字がファイルに含まれています。
C:\PG\GameDevelopmentApplication1\Develop\Objects\Enemy\Ghost\Akabe\Akabe.cpp(1,1): warning C4828: オフセット 0x5c4 から始まる、現在のソースの文字セット (コードページ 65001) では使用できない文字がファイルに含まれています。
C:\PG\GameDevelopmentApplication1\Develop\Objects\Enemy\Ghost\Akabe\Akabe.cpp(1,1): warning C4828: オフセット 0x5c6 から始まる、現在のソースの文字セット (コードページ 65001) では使用できない文字がファイルに含まれています。
C:\PG\GameDevelopmentApplication1\Develop\Objects\Enemy\Ghost\Akabe\Akabe.cpp(1,1): warning C4828: オフセット 0x5c8 から始まる、現在のソースの文字セット (コードページ 65001) では使用できない文字がファイルに含まれています。
C:\PG\GameDevelopmentApplication1\Develop\Objects\Enemy\Ghost\Akabe\Akabe.cpp(1,1): warning C4828: オフセット 0x5c9 から始まる、現在のソースの文字セット (コードページ 65001) では使用できない文字がファイルに含まれています。
C:\PG\GameDevelopmentApplication1\Develop\Objects\Enemy\Ghost\Akabe\Akabe.cpp(1,1): warning C4828: オフセット 0x5ca から始まる、現在のソースの文字セット (コードページ 65001) では使用できない文字がファイルに含まれています。
C:\PG\GameDevelopmentApplication1\Develop\Objects\Enemy\Ghost\Akabe\Akabe.cpp(1,1): warning C4828: オフセット 0x5cb から始まる、現在のソースの文字セット (コードページ 65001) では使用できない文字がファイルに含まれています。
C:\PG\GameDevelopmentApplication1\Develop\Objects\Enemy\Ghost\Akabe\Akabe.cpp(1,1): warning C4828: オフセット 0x5e7 から始まる、現在のソースの文字セット (コードページ 65001) では使用できない文字がファイルに含まれています。
C:\PG\GameDevelopmentApplication1\Develop\Objects\Enemy\Ghost\Akabe\Akabe.cpp(1,1): warning C4828: オフセット 0x5e9 から始まる、現在のソースの文字セット (コードページ 65001) では使用できない文字がファイルに含まれています。
C:\PG\GameDevelopmentApplication1\Develop\Objects\Enemy\Ghost\Akabe\Akabe.cpp(1,1): warning C4828: オフセット 0x5ea から始まる、現在のソースの文字セット (コードページ 65001) では使用できない文字がファイルに含まれています。
C:\PG\GameDevelopmentApplication1\Develop\Objects\Enemy\Ghost\Akabe\Akabe.cpp(1,1): warning C4828: オフセット 0x5eb から始まる、現在のソースの文字セット (コードページ 65001) では使用できない文字がファイルに含まれています。
C:\PG\GameDevelopmentApplication1\Develop\Objects\Enemy\Ghost\Akabe\Akabe.cpp(1,1): warning C4828: オフセット 0x5ec から始まる、現在のソースの文字セット (コードページ 65001) では使用できない文字がファイルに含まれています。
C:\PG\GameDevelopmentApplication1\Develop\Objects\Enemy\Ghost\Akabe\Akabe.cpp(1,1): warning C4828: オフセット 0x5ed から始まる、現在のソースの文字セット (コードページ 65001) では使用できない文字がファイルに含まれています。
C:\PG\GameDevelopmentApplication1\Develop\Objects\Enemy\Ghost\Akabe\Akabe.cpp(1,1): warning C4828: オフセット 0x5ee から始まる、現在のソースの文字セット (コードページ 65001) では使用できない文字がファイルに含まれています。
C:\PG\GameDevelopmentApplication1\Develop\Objects\Enemy\Ghost\Akabe\Akabe.cpp(1,1): warning C4828: オフセット 0x5ef から始まる、現在のソースの文字セット (コードページ 65001) では使用できない文字がファイルに含まれています。
C:\PG\GameDevelopmentApplication1\Develop\Objects\Enemy\Ghost\Akabe\Akabe.cpp(1,1): warning C4828: オフセット 0x5f0 から始まる、現在のソースの文字セット (コードページ 65001) では使用できない文字がファイルに含まれています。
C:\PG\GameDevelopmentApplication1\Develop\Objects\Enemy\Ghost\Akabe\Akabe.cpp(1,1): warning C4828: オフセット 0x612 から始まる、現在のソースの文字セット (コードページ 65001) では使用できない文字がファイルに含まれています。
C:\PG\GameDevelopmentApplication1\Develop\Objects\Enemy\Ghost\Akabe\Akabe.cpp(1,1): warning C4828: オフセット 0x613 から始まる、現在のソースの文字セット (コードページ 65001) では使用できない文字がファイルに含まれています。
C:\PG\GameDevelopmentApplication1\Develop\Objects\Enemy\Ghost\Akabe\Akabe.cpp(1,1): warning C4828: オフセット 0x614 から始まる、現在のソースの文字セット (コードページ 65001) では使用できない文字がファイルに含まれています。
C:\PG\GameDevelopmentApplication1\Develop\Objects\Enemy\Ghost\Akabe\Akabe.cpp(1,1): warning C4828: オフセット 0x616 から始まる、現在のソースの文字セット (コードページ 65001) では使用できない文字がファイルに含まれています。
C:\PG\GameDevelopmentApplication1\Develop\Objects\Enemy\Ghost\Akabe\Akabe.cpp(1,1): warning C4828: オフセット 0x618 から始まる、現在のソースの文字セット (コードページ 65001) では使用できない文字がファイルに含まれています。
C:\PG\GameDevelopmentApplication1\Develop\Objects\Enemy\Ghost\Akabe\Akabe.cpp(1,1): warning C4828: オフセット 0x619 から始まる、現在のソースの文字セット (コードページ 65001) では使用できない文字がファイルに含まれています。
C:\PG\GameDevelopmentApplication1\Develop\Objects\Enemy\Ghost\Akabe\Akabe.cpp(1,1): warning C4828: オフセット 0x61d から始まる、現在のソースの文字セット (コードページ 65001) では使用できない文字がファイルに含まれています。
C:\PG\GameDevelopmentApplication1\Develop\Objects\Enemy\Ghost\Akabe\Akabe.cpp(1,1): warning C4828: オフセット 0x65c から始まる、現在のソースの文字セット (コードページ 65001) では使用できない文字がファイルに含まれています。
C:\PG\GameDevelopmentApplication1\Develop\Objects\Enemy\Ghost\Akabe\Akabe.cpp(1,1): warning C4828: オフセット 0x65d から始まる、現在のソースの文字セット (コードページ 65001) では使用できない文字がファイルに含まれています。
C:\PG\GameDevelopmentApplication1\Develop\Objects\Enemy\Ghost\Akabe\Akabe.cpp(1,1): warning C4828: オフセット 0x65e から始まる、現在のソースの文字セット (コードページ 65001) では使用できない文字がファイルに含まれています。
C:\PG\GameDevelopmentApplication1\Develop\Objects\Enemy\Ghost\Akabe\Akabe.cpp(1,1): warning C4828: オフセット 0x65f から始まる、現在のソースの文字セット (コードページ 65001) では使用できない文字がファイルに含まれています。
C:\PG\GameDevelopmentApplication1\Develop\Objects\Enemy\Ghost\Akabe\Akabe.cpp(1,1): warning C4828: オフセット 0x660 から始まる、現在のソースの文字セット (コードページ 65001) では使用できない文字がファイルに含まれています。
C:\PG\GameDevelopmentApplication1\Develop\Objects\Enemy\Ghost\Akabe\Akabe.cpp(1,1): warning C4828: オフセット 0x664 から始まる、現在のソースの文字セット (コードページ 65001) では使用できない文字がファイルに含まれています。
C:\PG\GameDevelopmentApplication1\Develop\Objects\Enemy\Ghost\Akabe\Akabe.cpp(1,1): warning C4828: オフセット 0x668 から始まる、現在のソースの文字セット (コードページ 65001) では使用できない文字がファイルに含まれています。
C:\PG\GameDevelopmentApplication1\Develop\Objects\Enemy\Ghost\Akabe\Akabe.cpp(1,1): warning C4828: オフセット 0x669 から始まる、現在のソースの文字セット (コードページ 65001) では使用できない文字がファイルに含まれています。
C:\PG\GameDevelopmentApplication1\Develop\Objects\Enemy\Ghost\Akabe\Akabe.cpp(1,1): warning C4828: オフセット 0x6ab から始まる、現在のソースの文字セット (コードページ 65001) では使用できない文字がファイルに含まれています。
C:\PG\GameDevelopmentApplication1\Develop\Objects\Enemy\Ghost\Akabe\Akabe.cpp(1,1): warning C4828: オフセット 0x6ac から始まる、現在のソースの文字セット (コードページ 65001) では使用できない文字がファイルに含まれています。
C:\PG\GameDevelopmentApplication1\Develop\Objects\Enemy\Ghost\Akabe\Akabe.cpp(1,1): warning C4828: オフセット 0x6ad から始まる、現在のソースの文字セット (コードページ 65001) では使用できない文字がファイルに含まれています。
C:\PG\GameDevelopmentApplication1\Develop\Objects\Enemy\Ghost\Akabe\Akabe.cpp(1,1): warning C4828: オフセット 0x6ae から始まる、現在のソースの文字セット (コードページ 65001) では使用できない文字がファイルに含まれています。
C:\PG\GameDevelopmentApplication1\Develop\Objects\Enemy\Ghost\Akabe\Akabe.cpp(1,1): warning C4828: オフセット 0x6af から始まる、現在のソースの文字セット (コードページ 65001) では使用できない文字がファイルに含まれています。
C:\PG\GameDevelopmentApplication1\Develop\Objects\Enemy\Ghost\Akabe\Akabe.cpp(1,1): warning C4828: オフセット 0x6b0 から始まる、現在のソースの文字セット (コードページ 65001) では使用できない文字がファイルに含まれています。
C:\PG\GameDevelopmentApplication1\Develop\Objects\Enemy\Ghost\Akabe\Akabe.cpp(1,1): warning C4828: オフセット 0x6b1 から始まる、現在のソースの文字セット (コードページ 65001) では使用できない文字がファイルに含まれています。
C:\PG\GameDevelopmentApplication1\Develop\Objects\Enemy\Ghost\Akabe\Akabe.cpp(1,1): warning C4828: オフセット 0x6b2 から始まる、現在のソースの文字セット (コードページ 65001) では使用できない文字がファイルに含まれています。
C:\PG\GameDevelopmentApplication1\Develop\Objects\Enemy\Ghost\Akabe\Akabe.cpp(1,1): warning C4828: オフセット 0x6b3 から始まる、現在のソースの文字セット (コードページ 65001) では使用できない文字がファイルに含まれています。
C:\PG\GameDevelopmentApplication1\Develop\Objects\Enemy\Ghost\Akabe\Akabe.cpp(1,1): warning C4828: オフセット 0x6b5 から始まる、現在のソースの文字セット (コードページ 65001) では使用できない文字がファイルに含まれています。
C:\PG\GameDevelopmentApplication1\Develop\Objects\Enemy\Ghost\Akabe\Akabe.cpp(1,1): warning C4828: オフセット 0x6b7 から始まる、現在のソースの文字セット (コードページ 65001) では使用できない文字がファイルに含まれています。
C:\PG\GameDevelopmentApplication1\Develop\Objects\Enemy\Ghost\Akabe\Akabe.cpp(1,1): warning C4828: オフセット 0x6b9 から始まる、現在のソースの文字セット (コードページ 65001) では使用できない文字がファイルに含まれています。
C:\PG\GameDevelopmentApplication1\Develop\Objects\Enemy\Ghost\Akabe\Akabe.cpp(1,1): warning C4828: オフセット 0x6bb から始まる、現在のソースの文字セット (コードページ 65001) では使用できない文字がファイルに含まれています。
C:\PG\GameDevelopmentApplication1\Develop\Objects\Enemy\Ghost\Akabe\Akabe.cpp(1,1): warning C4828: オフセット 0x6bd から始まる、現在のソースの文字セット (コードページ 65001) では使用できない文字がファイルに含まれています。
C:\PG\GameDevelopmentApplication1\Develop\Objects\Enemy\Ghost\Akabe\Akabe.cpp(1,1): warning C4828: オフセット 0x6bf から始まる、現在のソースの文字セット (コードページ 65001) では使用できない文字がファイルに含まれています。
C:\PG\GameDevelopmentApplication1\Develop\Objects\Enemy\Ghost\Akabe\Akabe.cpp(1,1): warning C4828: オフセット 0x6c1 から始まる、現在のソースの文字セット (コードページ 65001) では使用できない文字がファイルに含まれています。
C:\PG\GameDevelopmentApplication1\Develop\Objects\Enemy\Ghost\Akabe\Akabe.cpp(1,1): warning C4828: オフセット 0x6c2 から始まる、現在のソースの文字セット (コードページ 65001) では使用できない文字がファイルに含まれています。
C:\PG\GameDevelopmentApplication1\Develop\Objects\Enemy\Ghost\Akabe\Akabe.cpp(1,1): warning C4828: オフセット 0x6c3 から始まる、現在のソースの文字セット (コードページ 65001) では使用できない文字がファイルに含まれています。
C:\PG\GameDevelopmentApplication1\Develop\Objects\Enemy\Ghost\Akabe\Akabe.cpp(1,1): warning C4828: オフセット 0x6c6 から始まる、現在のソースの文字セット (コードページ 65001) では使用できない文字がファイルに含まれています。
C:\PG\GameDevelopmentApplication1\Develop\Objects\Enemy\Ghost\Akabe\Akabe.cpp(1,1): warning C4828: オフセット 0x6c7 から始まる、現在のソースの文字セット (コードページ 65001) では使用できない文字がファイルに含まれています。
C:\PG\GameDevelopmentApplication1\Develop\Objects\Enemy\Ghost\Akabe\Akabe.cpp(1,1): warning C4828: オフセット 0x6c8 から始まる、現在のソースの文字セット (コードページ 65001) では使用できない文字がファイルに含まれています。
C:\PG\GameDevelopmentApplication1\Develop\Objects\Enemy\Ghost\Akabe\Akabe.cpp(1,1): warning C4828: オフセット 0x6c9 から始まる、現在のソースの文字セット (コードページ 65001) では使用できない文字がファイルに含まれています。
C:\PG\GameDevelopmentApplication1\Develop\Objects\Enemy\Ghost\Akabe\Akabe.cpp(1,1): warning C4828: オフセット 0x6ca から始まる、現在のソースの文字セット (コードページ 65001) では使用できない文字がファイルに含まれています。
C:\PG\GameDevelopmentApplication1\Develop\Objects\Enemy\Ghost\Akabe\Akabe.cpp(1,1): warning C4828: オフセット 0x6cb から始まる、現在のソースの文字セット (コードページ 65001) では使用できない文字がファイルに含まれています。
C:\PG\GameDevelopmentApplication1\Develop\Objects\Enemy\Ghost\Akabe\Akabe.cpp(1,1): warning C4828: オフセット 0x6cc から始まる、現在のソースの文字セット (コードページ 65001) では使用できない文字がファイルに含まれています。
C:\PG\GameDevelopmentApplication1\Develop\Objects\Enemy\Ghost\Akabe\Akabe.cpp(1,1): warning C4828: オフセット 0x71b から始まる、現在のソースの文字セット (コードページ 65001) では使用できない文字がファイルに含まれています。
C:\PG\GameDevelopmentApplication1\Develop\Objects\Enemy\Ghost\Akabe\Akabe.cpp(1,1): warning C4828: オフセット 0x71c から始まる、現在のソースの文字セット (コードページ 65001) では使用できない文字がファイルに含まれています。
C:\PG\GameDevelopmentApplication1\Develop\Objects\Enemy\Ghost\Akabe\Akabe.cpp(1,1): warning C4828: オフセット 0x71d から始まる、現在のソースの文字セット (コードページ 65001) では使用できない文字がファイルに含まれています。
C:\PG\GameDevelopmentApplication1\Develop\Objects\Enemy\Ghost\Akabe\Akabe.cpp(1,1): warning C4828: オフセット 0x71e から始まる、現在のソースの文字セット (コードページ 65001) では使用できない文字がファイルに含まれています。
C:\PG\GameDevelopmentApplication1\Develop\Objects\Enemy\Ghost\Akabe\Akabe.cpp(1,1): warning C4828: オフセット 0x71f から始まる、現在のソースの文字セット (コードページ 65001) では使用できない文字がファイルに含まれています。
C:\PG\GameDevelopmentApplication1\Develop\Objects\Enemy\Ghost\Akabe\Akabe.cpp(1,1): warning C4828: オフセット 0x723 から始まる、現在のソースの文字セット (コードページ 65001) では使用できない文字がファイルに含まれています。
C:\PG\GameDevelopmentApplication1\Develop\Objects\Enemy\Ghost\Akabe\Akabe.cpp(1,1): warning C4828: オフセット 0x724 から始まる、現在のソースの文字セット (コードページ 65001) では使用できない文字がファイルに含まれています。
C:\PG\GameDevelopmentApplication1\Develop\Objects\Enemy\Ghost\Akabe\Akabe.cpp(1,1): warning C4828: オフセット 0x727 から始まる、現在のソースの文字セット (コードページ 65001) では使用できない文字がファイルに含まれています。
C:\PG\GameDevelopmentApplication1\Develop\Objects\Enemy\Ghost\Akabe\Akabe.cpp(1,1): warning C4828: オフセット 0x728 から始まる、現在のソースの文字セット (コードページ 65001) では使用できない文字がファイルに含まれています。
C:\PG\GameDevelopmentApplication1\Develop\Objects\Enemy\Ghost\Akabe\Akabe.cpp(1,1): warning C4828: オフセット 0x72f から始まる、現在のソースの文字セット (コードページ 65001) では使用できない文字がファイルに含まれています。
C:\PG\GameDevelopmentApplication1\Develop\Objects\Enemy\Ghost\Akabe\Akabe.cpp(1,1): warning C4828: オフセット 0x730 から始まる、現在のソースの文字セット (コードページ 65001) では使用できない文字がファイルに含まれています。
C:\PG\GameDevelopmentApplication1\Develop\Objects\Enemy\Ghost\Akabe\Akabe.cpp(1,1): warning C4828: オフセット 0x731 から始まる、現在のソースの文字セット (コードページ 65001) では使用できない文字がファイルに含まれています。
C:\PG\GameDevelopmentApplication1\Develop\Objects\Enemy\Ghost\Akabe\Akabe.cpp(1,1): warning C4828: オフセット 0x735 から始まる、現在のソースの文字セット (コードページ 65001) では使用できない文字がファイルに含まれています。
C:\PG\GameDevelopmentApplication1\Develop\Objects\Enemy\Ghost\Akabe\Akabe.cpp(1,1): warning C4828: オフセット 0x737 から始まる、現在のソースの文字セット (コードページ 65001) では使用できない文字がファイルに含まれています。
C:\PG\GameDevelopmentApplication1\Develop\Objects\Enemy\Ghost\Akabe\Akabe.cpp(1,1): warning C4828: オフセット 0x739 から始まる、現在のソースの文字セット (コードページ 65001) では使用できない文字がファイルに含まれています。
C:\PG\GameDevelopmentApplication1\Develop\Objects\Enemy\Ghost\Akabe\Akabe.cpp(1,1): warning C4828: オフセット 0x73b から始まる、現在のソースの文字セット (コードページ 65001) では使用できない文字がファイルに含まれています。
C:\PG\GameDevelopmentApplication1\Develop\Objects\Enemy\Ghost\Akabe\Akabe.cpp(1,1): warning C4828: オフセット 0x73c から始まる、現在のソースの文字セット (コードページ 65001) では使用できない文字がファイルに含まれています。
C:\PG\GameDevelopmentApplication1\Develop\Objects\Enemy\Ghost\Akabe\Akabe.cpp(1,1): warning C4828: オフセット 0x73d から始まる、現在のソースの文字セット (コードページ 65001) では使用できない文字がファイルに含まれています。
C:\PG\GameDevelopmentApplication1\Develop\Objects\Enemy\Ghost\Akabe\Akabe.cpp(1,1): warning C4828: オフセット 0x73e から始まる、現在のソースの文字セット (コードページ 65001) では使用できない文字がファイルに含まれています。
C:\PG\GameDevelopmentApplication1\Develop\Objects\Enemy\Ghost\Akabe\Akabe.cpp(1,1): warning C4828: オフセット 0x73f から始まる、現在のソースの文字セット (コードページ 65001) では使用できない文字がファイルに含まれています。
C:\PG\GameDevelopmentApplication1\Develop\Objects\Enemy\Ghost\Akabe\Akabe.cpp(1,1): warning C4828: オフセット 0x740 から始まる、現在のソースの文字セット (コードページ 65001) では使用できない文字がファイルに含まれています。
C:\PG\GameDevelopmentApplication1\Develop\Objects\Enemy\Ghost\Akabe\Akabe.cpp(1,1): warning C4828: オフセット 0x741 から始まる、現在のソースの文字セット (コードページ 65001) では使用できない文字がファイルに含まれています。
C:\PG\GameDevelopmentApplication1\Develop\Objects\Enemy\Ghost\Akabe\Akabe.cpp(1,1): warning C4828: オフセット 0x742 から始まる、現在のソースの文字セット (コードページ 65001) では使用できない文字がファイルに含まれています。
C:\PG\GameDevelopmentApplication1\Develop\Objects\Enemy\Ghost\Akabe\Akabe.cpp(1,1): warning C4828: オフセット 0x745 から始まる、現在のソースの文字セット (コードページ 65001) では使用できない文字がファイルに含まれています。
C:\PG\GameDevelopmentApplication1\Develop\Objects\Enemy\Ghost\Akabe\Akabe.cpp(1,1): warning C4828: オフセット 0x747 から始まる、現在のソースの文字セット (コードページ 65001) では使用できない文字がファイルに含まれています。
C:\PG\GameDevelopmentApplication1\Develop\Objects\Enemy\Ghost\Akabe\Akabe.cpp(1,1): warning C4828: オフセット 0x748 から始まる、現在のソースの文字セット (コードページ 65001) では使用できない文字がファイルに含まれています。
C:\PG\GameDevelopmentApplication1\Develop\Objects\Enemy\Ghost\Akabe\Akabe.cpp(1,1): warning C4828: オフセット 0x74e から始まる、現在のソースの文字セット (コードページ 65001) では使用できない文字がファイルに含まれています。
C:\PG\GameDevelopmentApplication1\Develop\Objects\Enemy\Ghost\Akabe\Akabe.cpp(1,1): warning C4828: オフセット 0x7e7 から始まる、現在のソースの文字セット (コードページ 65001) では使用できない文字がファイルに含まれています。
C:\PG\GameDevelopmentApplication1\Develop\Objects\Enemy\Ghost\Akabe\Akabe.cpp(1,1): warning C4828: オフセット 0x7ed から始まる、現在のソースの文字セット (コードページ 65001) では使用できない文字がファイルに含まれています。
C:\PG\GameDevelopmentApplication1\Develop\Objects\Enemy\Ghost\Akabe\Akabe.cpp(1,1): warning C4828: オフセット 0x7ef から始まる、現在のソースの文字セット (コードページ 65001) では使用できない文字がファイルに含まれています。
C:\PG\GameDevelopmentApplication1\Develop\Objects\Enemy\Ghost\Akabe\Akabe.cpp(1,1): warning C4828: オフセット 0x7f0 から始まる、現在のソースの文字セット (コードページ 65001) では使用できない文字がファイルに含まれています。
C:\PG\GameDevelopmentApplication1\Develop\Objects\Enemy\Ghost\Akabe\Akabe.cpp(1,1): warning C4828: オフセット 0x7f6 から始まる、現在のソースの文字セット (コードページ 65001) では使用できない文字がファイルに含まれています。
C:\PG\GameDevelopmentApplication1\Develop\Objects\Enemy\Ghost\Akabe\Akabe.cpp(1,1): warning C4828: オフセット 0x842 から始まる、現在のソースの文字セット (コードページ 65001) では使用できない文字がファイルに含まれています。
C:\PG\GameDevelopmentApplication1\Develop\Objects\Enemy\Ghost\Akabe\Akabe.cpp(1,1): warning C4828: オフセット 0x843 から始まる、現在のソースの文字セット (コードページ 65001) では使用できない文字がファイルに含まれています。
C:\PG\GameDevelopmentApplication1\Develop\Objects\Enemy\Ghost\Akabe\Akabe.cpp(1,1): warning C4828: オフセット 0x844 から始まる、現在のソースの文字セット (コードページ 65001) では使用できない文字がファイルに含まれています。
C:\PG\GameDevelopmentApplication1\Develop\Objects\Enemy\Ghost\Akabe\Akabe.cpp(1,1): warning C4828: オフセット 0x845 から始まる、現在のソースの文字セット (コードページ 65001) では使用できない文字がファイルに含まれています。
C:\PG\GameDevelopmentApplication1\Develop\Objects\Enemy\Ghost\Akabe\Akabe.cpp(1,1): warning C4828: オフセット 0x850 から始まる、現在のソースの文字セット (コードページ 65001) では使用できない文字がファイルに含まれています。
C:\PG\GameDevelopmentApplication1\Develop\Objects\Enemy\Ghost\Akabe\Akabe.cpp(1,1): warning C4828: オフセット 0x855 から始まる、現在のソースの文字セット (コードページ 65001) では使用できない文字がファイルに含まれています。
C:\PG\GameDevelopmentApplication1\Develop\Objects\Enemy\Ghost\Akabe\Akabe.cpp(1,1): warning C4828: オフセット 0x856 から始まる、現在のソースの文字セット (コードページ 65001) では使用できない文字がファイルに含まれています。
C:\PG\GameDevelopmentApplication1\Develop\Objects\Enemy\Ghost\Akabe\Akabe.cpp(1,1): warning C4828: オフセット 0x857 から始まる、現在のソースの文字セット (コードページ 65001) では使用できない文字がファイルに含まれています。
C:\PG\GameDevelopmentApplication1\Develop\Objects\Enemy\Ghost\Akabe\Akabe.cpp(1,1): warning C4828: オフセット 0x858 から始まる、現在のソースの文字セット (コードページ 65001) では使用できない文字がファイルに含まれています。
C:\PG\GameDevelopmentApplication1\Develop\Objects\Enemy\Ghost\Akabe\Akabe.cpp(1,1): warning C4828: オフセット 0x85a から始まる、現在のソースの文字セット (コードページ 65001) では使用できない文字がファイルに含まれています。
C:\PG\GameDevelopmentApplication1\Develop\Objects\Enemy\Ghost\Akabe\Akabe.cpp(1,1): warning C4828: オフセット 0x85c から始まる、現在のソースの文字セット (コードページ 65001) では使用できない文字がファイルに含まれています。
C:\PG\GameDevelopmentApplication1\Develop\Objects\Enemy\Ghost\Akabe\Akabe.cpp(1,1): warning C4828: オフセット 0x85e から始まる、現在のソースの文字セット (コードページ 65001) では使用できない文字がファイルに含まれています。
C:\PG\GameDevelopmentApplication1\Develop\Objects\Enemy\Ghost\Akabe\Akabe.cpp(1,1): warning C4828: オフセット 0x85f から始まる、現在のソースの文字セット (コードページ 65001) では使用できない文字がファイルに含まれています。
C:\PG\GameDevelopmentApplication1\Develop\Objects\Enemy\Ghost\Akabe\Akabe.cpp(1,1): warning C4828: オフセット 0x860 から始まる、現在のソースの文字セット (コードページ 65001) では使用できない文字がファイルに含まれています。
C:\PG\GameDevelopmentApplication1\Develop\Objects\Enemy\Ghost\Akabe\Akabe.cpp(1,1): warning C4828: オフセット 0x861 から始まる、現在のソースの文字セット (コードページ 65001) では使用できない文字がファイルに含まれています。
C:\PG\GameDevelopmentApplication1\Develop\Objects\Enemy\Ghost\Akabe\Akabe.cpp(1,1): warning C4828: オフセット 0x865 から始まる、現在のソースの文字セット (コードページ 65001) では使用できない文字がファイルに含まれています。
C:\PG\GameDevelopmentApplication1\Develop\Objects\Enemy\Ghost\Akabe\Akabe.cpp(1,1): warning C4828: オフセット 0x8cc から始まる、現在のソースの文字セット (コードページ 65001) では使用できない文字がファイルに含まれています。
C:\PG\GameDevelopmentApplication1\Develop\Objects\Enemy\Ghost\Akabe\Akabe.cpp(1,1): warning C4828: オフセット 0x8d2 から始まる、現在のソースの文字セット (コードページ 65001) では使用できない文字がファイルに含まれています。
C:\PG\GameDevelopmentApplication1\Develop\Objects\Enemy\Ghost\Akabe\Akabe.cpp(1,1): warning C4828: オフセット 0x8d7 から始まる、現在のソースの文字セット (コードページ 65001) では使用できない文字がファイルに含まれています。
C:\PG\GameDevelopmentApplication1\Develop\Objects\Enemy\Ghost\Akabe\Akabe.cpp(1,1): warning C4828: オフセット 0x8d8 から始まる、現在のソースの文字セット (コードページ 65001) では使用できない文字がファイルに含まれています。
C:\PG\GameDevelopmentApplication1\Develop\Objects\Enemy\Ghost\Akabe\Akabe.cpp(1,1): warning C4828: オフセット 0x8d9 から始まる、現在のソースの文字セット (コードページ 65001) では使用できない文字がファイルに含まれています。
C:\PG\GameDevelopmentApplication1\Develop\Objects\Enemy\Ghost\Akabe\Akabe.cpp(1,1): warning C4828: オフセット 0x930 から始まる、現在のソースの文字セット (コードページ 65001) では使用できない文字がファイルに含まれています。
C:\PG\GameDevelopmentApplication1\Develop\Objects\Enemy\Ghost\Akabe\Akabe.cpp(1,1): warning C4828: オフセット 0x933 から始まる、現在のソースの文字セット (コードページ 65001) では使用できない文字がファイルに含まれています。
C:\PG\GameDevelopmentApplication1\Develop\Objects\Enemy\Ghost\Akabe\Akabe.cpp(1,1): warning C4828: オフセット 0x934 から始まる、現在のソースの文字セット (コードページ 65001) では使用できない文字がファイルに含まれています。
C:\PG\GameDevelopmentApplication1\Develop\Objects\Enemy\Ghost\Akabe\Akabe.cpp(1,1): warning C4828: オフセット 0x935 から始まる、現在のソースの文字セット (コードページ 65001) では使用できない文字がファイルに含まれています。
C:\PG\GameDevelopmentApplication1\Develop\Objects\Enemy\Ghost\Akabe\Akabe.cpp(1,1): warning C4828: オフセット 0x936 から始まる、現在のソースの文字セット (コードページ 65001) では使用できない文字がファイルに含まれています。
C:\PG\GameDevelopmentApplication1\Develop\Objects\Enemy\Ghost\Akabe\Akabe.cpp(1,1): warning C4828: オフセット 0x937 から始まる、現在のソースの文字セット (コードページ 65001) では使用できない文字がファイルに含まれています。
C:\PG\GameDevelopmentApplication1\Develop\Objects\Enemy\Ghost\Akabe\Akabe.cpp(1,1): warning C4828: オフセット 0x938 から始まる、現在のソースの文字セット (コードページ 65001) では使用できない文字がファイルに含まれています。
C:\PG\GameDevelopmentApplication1\Develop\Objects\Enemy\Ghost\Akabe\Akabe.cpp(1,1): warning C4828: オフセット 0x93b から始まる、現在のソースの文字セット (コードページ 65001) では使用できない文字がファイルに含まれています。
C:\PG\GameDevelopmentApplication1\Develop\Objects\Enemy\Ghost\Akabe\Akabe.cpp(1,1): warning C4828: オフセット 0x96c から始まる、現在のソースの文字セット (コードページ 65001) では使用できない文字がファイルに含まれています。
C:\PG\GameDevelopmentApplication1\Develop\Objects\Enemy\Ghost\Akabe\Akabe.cpp(1,1): warning C4828: オフセット 0x96d から始まる、現在のソースの文字セット (コードページ 65001) では使用できない文字がファイルに含まれています。
C:\PG\GameDevelopmentApplication1\Develop\Objects\Enemy\Ghost\Akabe\Akabe.cpp(1,1): warning C4828: オフセット 0x96e から始まる、現在のソースの文字セット (コードページ 65001) では使用できない文字がファイルに含まれています。
C:\PG\GameDevelopmentApplication1\Develop\Objects\Enemy\Ghost\Akabe\Akabe.cpp(1,1): warning C4828: オフセット 0x96f から始まる、現在のソースの文字セット (コードページ 65001) では使用できない文字がファイルに含まれています。
C:\PG\GameDevelopmentApplication1\Develop\Objects\Enemy\Ghost\Akabe\Akabe.cpp(1,1): warning C4828: オフセット 0x970 から始まる、現在のソースの文字セット (コードページ 65001) では使用できない文字がファイルに含まれています。
C:\PG\GameDevelopmentApplication1\Develop\Objects\Enemy\Ghost\Akabe\Akabe.cpp(1,1): warning C4828: オフセット 0x971 から始まる、現在のソースの文字セット (コードページ 65001) では使用できない文字がファイルに含まれています。
C:\PG\GameDevelopmentApplication1\Develop\Objects\Enemy\Ghost\Akabe\Akabe.cpp(1,1): warning C4828: オフセット 0x974 から始まる、現在のソースの文字セット (コードページ 65001) では使用できない文字がファイルに含まれています。
C:\PG\GameDevelopmentApplication1\Develop\Objects\Enemy\Ghost\Akabe\Akabe.cpp(1,1): warning C4828: オフセット 0x975 から始まる、現在のソースの文字セット (コードページ 65001) では使用できない文字がファイルに含まれています。
C:\PG\GameDevelopmentApplication1\Develop\Objects\Enemy\Ghost\Akabe\Akabe.cpp(1,1): warning C4828: オフセット 0x976 から始まる、現在のソースの文字セット (コードページ 65001) では使用できない文字がファイルに含まれています。
C:\PG\GameDevelopmentApplication1\Develop\Objects\Enemy\Ghost\Akabe\Akabe.cpp(1,1): warning C4828: オフセット 0x978 から始まる、現在のソースの文字セット (コードページ 65001) では使用できない文字がファイルに含まれています。
C:\PG\GameDevelopmentApplication1\Develop\Objects\Enemy\Ghost\Akabe\Akabe.cpp(1,1): warning C4828: オフセット 0x979 から始まる、現在のソースの文字セット (コードページ 65001) では使用できない文字がファイルに含まれています。
C:\PG\GameDevelopmentApplication1\Develop\Objects\Enemy\Ghost\Akabe\Akabe.cpp(1,1): warning C4828: オフセット 0x97a から始まる、現在のソースの文字セット (コードページ 65001) では使用できない文字がファイルに含まれています。
C:\PG\GameDevelopmentApplication1\Develop\Objects\Enemy\Ghost\Akabe\Akabe.cpp(1,1): warning C4828: オフセット 0x97c から始まる、現在のソースの文字セット (コードページ 65001) では使用できない文字がファイルに含まれています。
C:\PG\GameDevelopmentApplication1\Develop\Objects\Enemy\Ghost\Akabe\Akabe.cpp(1,1): warning C4828: オフセット 0x97d から始まる、現在のソースの文字セット (コードページ 65001) では使用できない文字がファイルに含まれています。
C:\PG\GameDevelopmentApplication1\Develop\Objects\Enemy\Ghost\Akabe\Akabe.cpp(1,1): warning C4828: オフセット 0x97e から始まる、現在のソースの文字セット (コードページ 65001) では使用できない文字がファイルに含まれています。
C:\PG\GameDevelopmentApplication1\Develop\Objects\Enemy\Ghost\Akabe\Akabe.cpp(1,1): warning C4828: オフセット 0x980 から始まる、現在のソースの文字セット (コードページ 65001) では使用できない文字がファイルに含まれています。
C:\PG\GameDevelopmentApplication1\Develop\Objects\Enemy\Ghost\Akabe\Akabe.cpp(1,1): warning C4828: オフセット 0x981 から始まる、現在のソースの文字セット (コードページ 65001) では使用できない文字がファイルに含まれています。
C:\PG\GameDevelopmentApplication1\Develop\Objects\Enemy\Ghost\Akabe\Akabe.cpp(1,1): warning C4828: オフセット 0x982 から始まる、現在のソースの文字セット (コードページ 65001) では使用できない文字がファイルに含まれています。
C:\PG\GameDevelopmentApplication1\Develop\Objects\Enemy\Ghost\Akabe\Akabe.cpp(1,1): warning C4828: オフセット 0x985 から始まる、現在のソースの文字セット (コードページ 65001) では使用できない文字がファイルに含まれています。
C:\PG\GameDevelopmentApplication1\Develop\Objects\Enemy\Ghost\Akabe\Akabe.cpp(1,1): warning C4828: オフセット 0x986 から始まる、現在のソースの文字セット (コードページ 65001) では使用できない文字がファイルに含まれています。
C:\PG\GameDevelopmentApplication1\Develop\Objects\Enemy\Ghost\Akabe\Akabe.cpp(1,1): warning C4828: オフセット 0x987 から始まる、現在のソースの文字セット (コードページ 65001) では使用できない文字がファイルに含まれています。
C:\PG\GameDevelopmentApplication1\Develop\Objects\Enemy\Ghost\Akabe\Akabe.cpp(1,1): warning C4828: オフセット 0x98a から始まる、現在のソースの文字セット (コードページ 65001) では使用できない文字がファイルに含まれています。
C:\PG\GameDevelopmentApplication1\Develop\Objects\Enemy\Ghost\Akabe\Akabe.cpp(1,1): warning C4828: オフセット 0x98b から始まる、現在のソースの文字セット (コードページ 65001) では使用できない文字がファイルに含まれています。
C:\PG\GameDevelopmentApplication1\Develop\Objects\Enemy\Ghost\Akabe\Akabe.cpp(1,1): warning C4828: オフセット 0xa07 から始まる、現在のソースの文字セット (コードページ 65001) では使用できない文字がファイルに含まれています。
C:\PG\GameDevelopmentApplication1\Develop\Objects\Enemy\Ghost\Akabe\Akabe.cpp(1,1): warning C4828: オフセット 0xa08 から始まる、現在のソースの文字セット (コードページ 65001) では使用できない文字がファイルに含まれています。
C:\PG\GameDevelopmentApplication1\Develop\Objects\Enemy\Ghost\Akabe\Akabe.cpp(1,1): warning C4828: オフセット 0xa0b から始まる、現在のソースの文字セット (コードページ 65001) では使用できない文字がファイルに含まれています。
C:\PG\GameDevelopmentApplication1\Develop\Objects\Enemy\Ghost\Akabe\Akabe.cpp(1,1): warning C4828: オフセット 0xa0d から始まる、現在のソースの文字セット (コードページ 65001) では使用できない文字がファイルに含まれています。
C:\PG\GameDevelopmentApplication1\Develop\Objects\Enemy\Ghost\Akabe\Akabe.cpp(1,1): warning C4828: オフセット 0xa0f から始まる、現在のソースの文字セット (コードページ 65001) では使用できない文字がファイルに含まれています。
C:\PG\GameDevelopmentApplication1\Develop\Objects\Enemy\Ghost\Akabe\Akabe.cpp(1,1): warning C4828: オフセット 0xa11 から始まる、現在のソースの文字セット (コードページ 65001) では使用できない文字がファイルに含まれています。
C:\PG\GameDevelopmentApplication1\Develop\Objects\Enemy\Ghost\Akabe\Akabe.cpp(1,1): warning C4828: オフセット 0xa12 から始まる、現在のソースの文字セット (コードページ 65001) では使用できない文字がファイルに含まれています。
C:\PG\GameDevelopmentApplication1\Develop\Objects\Enemy\Ghost\Akabe\Akabe.cpp(1,1): warning C4828: オフセット 0xa18 から始まる、現在のソースの文字セット (コードページ 65001) では使用できない文字がファイルに含まれています。
C:\PG\GameDevelopmentApplication1\Develop\Objects\Enemy\Ghost\Akabe\Akabe.cpp(1,1): warning C4828: オフセット 0xac9 から始まる、現在のソースの文字セット (コードページ 65001) では使用できない文字がファイルに含まれています。
C:\PG\GameDevelopmentApplication1\Develop\Objects\Enemy\Ghost\Akabe\Akabe.cpp(1,1): warning C4828: オフセット 0xacc から始まる、現在のソースの文字セット (コードページ 65001) では使用できない文字がファイルに含まれています。
C:\PG\GameDevelopmentApplication1\Develop\Objects\Enemy\Ghost\Akabe\Akabe.cpp(1,1): warning C4828: オフセット 0xacd から始まる、現在のソースの文字セット (コードページ 65001) では使用できない文字がファイルに含まれています。
C:\PG\GameDevelopmentApplication1\Develop\Objects\Enemy\Ghost\Akabe\Akabe.cpp(1,1): warning C4828: オフセット 0xace から始まる、現在のソースの文字セット (コードページ 65001) では使用できない文字がファイルに含まれています。
C:\PG\GameDevelopmentApplication1\Develop\Objects\Enemy\Ghost\Akabe\Akabe.cpp(1,1): warning C4828: オフセット 0xacf から始まる、現在のソースの文字セット (コードページ 65001) では使用できない文字がファイルに含まれています。
C:\PG\GameDevelopmentApplication1\Develop\Objects\Enemy\Ghost\Akabe\Akabe.cpp(1,1): warning C4828: オフセット 0xad0 から始まる、現在のソースの文字セット (コードページ 65001) では使用できない文字がファイルに含まれています。
C:\PG\GameDevelopmentApplication1\Develop\Objects\Enemy\Ghost\Akabe\Akabe.cpp(1,1): warning C4828: オフセット 0xb7b から始まる、現在のソースの文字セット (コードページ 65001) では使用できない文字がファイルに含まれています。
C:\PG\GameDevelopmentApplication1\Develop\Objects\Enemy\Ghost\Akabe\Akabe.cpp(1,1): warning C4828: オフセット 0xb7d から始まる、現在のソースの文字セット (コードページ 65001) では使用できない文字がファイルに含まれています。
C:\PG\GameDevelopmentApplication1\Develop\Objects\Enemy\Ghost\Akabe\Akabe.cpp(1,1): warning C4828: オフセット 0xb7f から始まる、現在のソースの文字セット (コードページ 65001) では使用できない文字がファイルに含まれています。
C:\PG\GameDevelopmentApplication1\Develop\Objects\Enemy\Ghost\Akabe\Akabe.cpp(1,1): warning C4828: オフセット 0xb80 から始まる、現在のソースの文字セット (コードページ 65001) では使用できない文字がファイルに含まれています。
C:\PG\GameDevelopmentApplication1\Develop\Objects\Enemy\Ghost\Akabe\Akabe.cpp(1,1): warning C4828: オフセット 0xb81 から始まる、現在のソースの文字セット (コードページ 65001) では使用できない文字がファイルに含まれています。
C:\PG\GameDevelopmentApplication1\Develop\Objects\Enemy\Ghost\Akabe\Akabe.cpp(1,1): warning C4828: オフセット 0xb83 から始まる、現在のソースの文字セット (コードページ 65001) では使用できない文字がファイルに含まれています。
C:\PG\GameDevelopmentApplication1\Develop\Objects\Enemy\Ghost\Akabe\Akabe.cpp(1,1): warning C4828: オフセット 0xb85 から始まる、現在のソースの文字セット (コードページ 65001) では使用できない文字がファイルに含まれています。
C:\PG\GameDevelopmentApplication1\Develop\Objects\Enemy\Ghost\Akabe\Akabe.cpp(1,1): warning C4828: オフセット 0xb86 から始まる、現在のソースの文字セット (コードページ 65001) では使用できない文字がファイルに含まれています。
C:\PG\GameDevelopmentApplication1\Develop\Objects\Enemy\Ghost\Akabe\Akabe.cpp(1,1): warning C4828: オフセット 0xb87 から始まる、現在のソースの文字セット (コードページ 65001) では使用できない文字がファイルに含まれています。
C:\PG\GameDevelopmentApplication1\Develop\Objects\Enemy\Ghost\Akabe\Akabe.cpp(1,1): warning C4828: オフセット 0xb88 から始まる、現在のソースの文字セット (コードページ 65001) では使用できない文字がファイルに含まれています。
C:\PG\GameDevelopmentApplication1\Develop\Objects\Enemy\Ghost\Akabe\Akabe.cpp(1,1): warning C4828: オフセット 0xb89 から始まる、現在のソースの文字セット (コードページ 65001) では使用できない文字がファイルに含まれています。
C:\PG\GameDevelopmentApplication1\Develop\Objects\Enemy\Ghost\Akabe\Akabe.cpp(1,1): warning C4828: オフセット 0xb8a から始まる、現在のソースの文字セット (コードページ 65001) では使用できない文字がファイルに含まれています。
C:\PG\GameDevelopmentApplication1\Develop\Objects\Enemy\Ghost\Akabe\Akabe.cpp(1,1): warning C4828: オフセット 0xb8b から始まる、現在のソースの文字セット (コードページ 65001) では使用できない文字がファイルに含まれています。
C:\PG\GameDevelopmentApplication1\Develop\Objects\Enemy\Ghost\Akabe\Akabe.cpp(1,1): warning C4828: オフセット 0xb8c から始まる、現在のソースの文字セット (コードページ 65001) では使用できない文字がファイルに含まれています。
C:\PG\GameDevelopmentApplication1\Develop\Objects\Enemy\Ghost\Akabe\Akabe.cpp(1,1): warning C4828: オフセット 0xceb から始まる、現在のソースの文字セット (コードページ 65001) では使用できない文字がファイルに含まれています。
C:\PG\GameDevelopmentApplication1\Develop\Objects\Enemy\Ghost\Akabe\Akabe.cpp(1,1): warning C4828: オフセット 0xced から始まる、現在のソースの文字セット (コードページ 65001) では使用できない文字がファイルに含まれています。
C:\PG\GameDevelopmentApplication1\Develop\Objects\Enemy\Ghost\Akabe\Akabe.cpp(1,1): warning C4828: オフセット 0xcef から始まる、現在のソースの文字セット (コードページ 65001) では使用できない文字がファイルに含まれています。
C:\PG\GameDevelopmentApplication1\Develop\Objects\Enemy\Ghost\Akabe\Akabe.cpp(1,1): warning C4828: オフセット 0xcf0 から始まる、現在のソースの文字セット (コードページ 65001) では使用できない文字がファイルに含まれています。
C:\PG\GameDevelopmentApplication1\Develop\Objects\Enemy\Ghost\Akabe\Akabe.cpp(1,1): warning C4828: オフセット 0xcf1 から始まる、現在のソースの文字セット (コードページ 65001) では使用できない文字がファイルに含まれています。
C:\PG\GameDevelopmentApplication1\Develop\Objects\Enemy\Ghost\Akabe\Akabe.cpp(1,1): warning C4828: オフセット 0xcf2 から始まる、現在のソースの文字セット (コードページ 65001) では使用できない文字がファイルに含まれています。
C:\PG\GameDevelopmentApplication1\Develop\Objects\Enemy\Ghost\Akabe\Akabe.cpp(1,1): warning C4828: オフセット 0xcf3 から始まる、現在のソースの文字セット (コードページ 65001) では使用できない文字がファイルに含まれています。
C:\PG\GameDevelopmentApplication1\Develop\Objects\Enemy\Ghost\Akabe\Akabe.cpp(1,1): warning C4828: オフセット 0xcf8 から始まる、現在のソースの文字セット (コードページ 65001) では使用できない文字がファイルに含まれています。
C:\PG\GameDevelopmentApplication1\Develop\Objects\Enemy\Ghost\Akabe\Akabe.cpp(1,1): warning C4828: オフセット 0xcf9 から始まる、現在のソースの文字セット (コードページ 65001) では使用できない文字がファイルに含まれています。
C:\PG\GameDevelopmentApplication1\Develop\Objects\Enemy\Ghost\Akabe\Akabe.cpp(1,1): warning C4828: オフセット 0xcfc から始まる、現在のソースの文字セット (コードページ 65001) では使用できない文字がファイルに含まれています。
C:\PG\GameDevelopmentApplication1\Develop\Objects\Enemy\Ghost\Akabe\Akabe.cpp(1,1): warning C4828: オフセット 0xd00 から始まる、現在のソースの文字セット (コードページ 65001) では使用できない文字がファイルに含まれています。
C:\PG\GameDevelopmentApplication1\Develop\Objects\Enemy\Ghost\Akabe\Akabe.cpp(1,1): warning C4828: オフセット 0xea8 から始まる、現在のソースの文字セット (コードページ 65001) では使用できない文字がファイルに含まれています。
C:\PG\GameDevelopmentApplication1\Develop\Objects\Enemy\Ghost\Akabe\Akabe.cpp(1,1): warning C4828: オフセット 0xeaa から始まる、現在のソースの文字セット (コードページ 65001) では使用できない文字がファイルに含まれています。
C:\PG\GameDevelopmentApplication1\Develop\Objects\Enemy\Ghost\Akabe\Akabe.cpp(1,1): warning C4828: オフセット 0xeab から始まる、現在のソースの文字セット (コードページ 65001) では使用できない文字がファイルに含まれています。
C:\PG\GameDevelopmentApplication1\Develop\Objects\Enemy\Ghost\Akabe\Akabe.cpp(1,1): warning C4828: オフセット 0xeb0 から始まる、現在のソースの文字セット (コードページ 65001) では使用できない文字がファイルに含まれています。
C:\PG\GameDevelopmentApplication1\Develop\Objects\Enemy\Ghost\Akabe\Akabe.cpp(1,1): warning C4828: オフセット 0xeb4 から始まる、現在のソースの文字セット (コードページ 65001) では使用できない文字がファイルに含まれています。
C:\PG\GameDevelopmentApplication1\Develop\Objects\Enemy\Ghost\Akabe\Akabe.cpp(1,1): warning C4828: オフセット 0xed9 から始まる、現在のソースの文字セット (コードページ 65001) では使用できない文字がファイルに含まれています。
C:\PG\GameDevelopmentApplication1\Develop\Objects\Enemy\Ghost\Akabe\Akabe.cpp(1,1): warning C4828: オフセット 0xedc から始まる、現在のソースの文字セット (コードページ 65001) では使用できない文字がファイルに含まれています。
C:\PG\GameDevelopmentApplication1\Develop\Objects\Enemy\Ghost\Akabe\Akabe.cpp(1,1): warning C4828: オフセット 0xedd から始まる、現在のソースの文字セット (コードページ 65001) では使用できない文字がファイルに含まれています。
C:\PG\GameDevelopmentApplication1\Develop\Objects\Enemy\Ghost\Akabe\Akabe.cpp(1,1): warning C4828: オフセット 0xede から始まる、現在のソースの文字セット (コードページ 65001) では使用できない文字がファイルに含まれています。
C:\PG\GameDevelopmentApplication1\Develop\Objects\Enemy\Ghost\Akabe\Akabe.cpp(1,1): warning C4828: オフセット 0xee2 から始まる、現在のソースの文字セット (コードページ 65001) では使用できない文字がファイルに含まれています。
C:\PG\GameDevelopmentApplication1\Develop\Objects\Enemy\Ghost\Akabe\Akabe.cpp(1,1): warning C4828: オフセット 0xee3 から始まる、現在のソースの文字セット (コードページ 65001) では使用できない文字がファイルに含まれています。
C:\PG\GameDevelopmentApplication1\Develop\Objects\Enemy\Ghost\Akabe\Akabe.cpp(1,1): warning C4828: オフセット 0xee4 から始まる、現在のソースの文字セット (コードページ 65001) では使用できない文字がファイルに含まれています。
C:\PG\GameDevelopmentApplication1\Develop\Objects\Enemy\Ghost\Akabe\Akabe.cpp(1,1): warning C4828: オフセット 0xee5 から始まる、現在のソースの文字セット (コードページ 65001) では使用できない文字がファイルに含まれています。
C:\PG\GameDevelopmentApplication1\Develop\Objects\Enemy\Ghost\Akabe\Akabe.cpp(1,1): warning C4828: オフセット 0xee9 から始まる、現在のソースの文字セット (コードページ 65001) では使用できない文字がファイルに含まれています。
C:\PG\GameDevelopmentApplication1\Develop\Objects\Enemy\Ghost\Akabe\Akabe.cpp(1,1): warning C4828: オフセット 0xeea から始まる、現在のソースの文字セット (コードページ 65001) では使用できない文字がファイルに含まれています。
C:\PG\GameDevelopmentApplication1\Develop\Objects\Enemy\Ghost\Akabe\Akabe.cpp(1,1): warning C4828: オフセット 0xeeb から始まる、現在のソースの文字セット (コードページ 65001) では使用できない文字がファイルに含まれています。
C:\PG\GameDevelopmentApplication1\Develop\Objects\Enemy\Ghost\Akabe\Akabe.cpp(1,1): warning C4828: オフセット 0xeec から始まる、現在のソースの文字セット (コードページ 65001) では使用できない文字がファイルに含まれています。
C:\PG\GameDevelopmentApplication1\Develop\Objects\Enemy\Ghost\Akabe\Akabe.cpp(1,1): warning C4828: オフセット 0xeee から始まる、現在のソースの文字セット (コードページ 65001) では使用できない文字がファイルに含まれています。
C:\PG\GameDevelopmentApplication1\Develop\Objects\Enemy\Ghost\Akabe\Akabe.cpp(1,1): warning C4828: オフセット 0xef3 から始まる、現在のソースの文字セット (コードページ 65001) では使用できない文字がファイルに含まれています。
C:\PG\GameDevelopmentApplication1\Develop\Objects\Enemy\Ghost\Akabe\Akabe.cpp(1,1): warning C4828: オフセット 0xef4 から始まる、現在のソースの文字セット (コードページ 65001) では使用できない文字がファイルに含まれています。
C:\PG\GameDevelopmentApplication1\Develop\Objects\Enemy\Ghost\Akabe\Akabe.cpp(1,1): warning C4828: オフセット 0xef5 から始まる、現在のソースの文字セット (コードページ 65001) では使用できない文字がファイルに含まれています。
C:\PG\GameDevelopmentApplication1\Develop\Objects\Enemy\Ghost\Akabe\Akabe.cpp(1,1): warning C4828: オフセット 0xef8 から始まる、現在のソースの文字セット (コードページ 65001) では使用できない文字がファイルに含まれています。
C:\PG\GameDevelopmentApplication1\Develop\Objects\Enemy\Ghost\Akabe\Akabe.cpp(1,1): warning C4828: オフセット 0xef9 から始まる、現在のソースの文字セット (コードページ 65001) では使用できない文字がファイルに含まれています。
C:\PG\GameDevelopmentApplication1\Develop\Objects\Enemy\Ghost\Akabe\Akabe.cpp(1,1): warning C4828: オフセット 0xefa から始まる、現在のソースの文字セット (コードページ 65001) では使用できない文字がファイルに含まれています。
C:\PG\GameDevelopmentApplication1\Develop\Objects\Enemy\Ghost\Akabe\Akabe.cpp(1,1): warning C4828: オフセット 0xefe から始まる、現在のソースの文字セット (コードページ 65001) では使用できない文字がファイルに含まれています。
C:\PG\GameDevelopmentApplication1\Develop\Objects\Enemy\Ghost\Akabe\Akabe.cpp(1,1): warning C4828: オフセット 0xeff から始まる、現在のソースの文字セット (コードページ 65001) では使用できない文字がファイルに含まれています。
C:\PG\GameDevelopmentApplication1\Develop\Objects\Enemy\Ghost\Akabe\Akabe.cpp(1,1): warning C4828: オフセット 0xf40 から始まる、現在のソースの文字セット (コードページ 65001) では使用できない文字がファイルに含まれています。
C:\PG\GameDevelopmentApplication1\Develop\Objects\Enemy\Ghost\Akabe\Akabe.cpp(1,1): warning C4828: オフセット 0xf42 から始まる、現在のソースの文字セット (コードページ 65001) では使用できない文字がファイルに含まれています。
C:\PG\GameDevelopmentApplication1\Develop\Objects\Enemy\Ghost\Akabe\Akabe.cpp(1,1): warning C4828: オフセット 0xf44 から始まる、現在のソースの文字セット (コードページ 65001) では使用できない文字がファイルに含まれています。
C:\PG\GameDevelopmentApplication1\Develop\Objects\Enemy\Ghost\Akabe\Akabe.cpp(1,1): warning C4828: オフセット 0xf46 から始まる、現在のソースの文字セット (コードページ 65001) では使用できない文字がファイルに含まれています。
C:\PG\GameDevelopmentApplication1\Develop\Objects\Enemy\Ghost\Akabe\Akabe.cpp(1,1): warning C4828: オフセット 0xf48 から始まる、現在のソースの文字セット (コードページ 65001) では使用できない文字がファイルに含まれています。
C:\PG\GameDevelopmentApplication1\Develop\Objects\Enemy\Ghost\Akabe\Akabe.cpp(1,1): warning C4828: オフセット 0xf4c から始まる、現在のソースの文字セット (コードページ 65001) では使用できない文字がファイルに含まれています。
C:\PG\GameDevelopmentApplication1\Develop\Objects\Enemy\Ghost\Akabe\Akabe.cpp(1,1): warning C4828: オフセット 0xf4d から始まる、現在のソースの文字セット (コードページ 65001) では使用できない文字がファイルに含まれています。
C:\PG\GameDevelopmentApplication1\Develop\Objects\Enemy\Ghost\Akabe\Akabe.cpp(1,1): warning C4828: オフセット 0xf4e から始まる、現在のソースの文字セット (コードページ 65001) では使用できない文字がファイルに含まれています。
C:\PG\GameDevelopmentApplication1\Develop\Objects\Enemy\Ghost\Akabe\Akabe.cpp(1,1): warning C4828: オフセット 0xf4f から始まる、現在のソースの文字セット (コードページ 65001) では使用できない文字がファイルに含まれています。
C:\PG\GameDevelopmentApplication1\Develop\Objects\Enemy\Ghost\Akabe\Akabe.cpp(1,1): warning C4828: オフセット 0x10f6 から始まる、現在のソースの文字セット (コードページ 65001) では使用できない文字がファイルに含まれています。
C:\PG\GameDevelopmentApplication1\Develop\Objects\Enemy\Ghost\Akabe\Akabe.cpp(1,1): warning C4828: オフセット 0x10f8 から始まる、現在のソースの文字セット (コードページ 65001) では使用できない文字がファイルに含まれています。
C:\PG\GameDevelopmentApplication1\Develop\Objects\Enemy\Ghost\Akabe\Akabe.cpp(1,1): warning C4828: オフセット 0x10f9 から始まる、現在のソースの文字セット (コードページ 65001) では使用できない文字がファイルに含まれています。
C:\PG\GameDevelopmentApplication1\Develop\Objects\Enemy\Ghost\Akabe\Akabe.cpp(1,1): warning C4828: オフセット 0x10fb から始まる、現在のソースの文字セット (コードページ 65001) では使用できない文字がファイルに含まれています。
C:\PG\GameDevelopmentApplication1\Develop\Objects\Enemy\Ghost\Akabe\Akabe.cpp(1,1): warning C4828: オフセット 0x10fc から始まる、現在のソースの文字セット (コードページ 65001) では使用できない文字がファイルに含まれています。
C:\PG\GameDevelopmentApplication1\Develop\Objects\Enemy\Ghost\Akabe\Akabe.cpp(1,1): warning C4828: オフセット 0x10fe から始まる、現在のソースの文字セット (コードページ 65001) では使用できない文字がファイルに含まれています。
C:\PG\GameDevelopmentApplication1\Develop\Objects\Enemy\Ghost\Akabe\Akabe.cpp(1,1): warning C4828: オフセット 0x10ff から始まる、現在のソースの文字セット (コードページ 65001) では使用できない文字がファイルに含まれています。
C:\PG\GameDevelopmentApplication1\Develop\Objects\Enemy\Ghost\Akabe\Akabe.cpp(1,1): warning C4828: オフセット 0x1100 から始まる、現在のソースの文字セット (コードページ 65001) では使用できない文字がファイルに含まれています。
C:\PG\GameDevelopmentApplication1\Develop\Objects\Enemy\Ghost\Akabe\Akabe.cpp(1,1): warning C4828: オフセット 0x1101 から始まる、現在のソースの文字セット (コードページ 65001) では使用できない文字がファイルに含まれています。
C:\PG\GameDevelopmentApplication1\Develop\Objects\Enemy\Ghost\Akabe\Akabe.cpp(1,1): warning C4828: オフセット 0x1104 から始まる、現在のソースの文字セット (コードページ 65001) では使用できない文字がファイルに含まれています。
C:\PG\GameDevelopmentApplication1\Develop\Objects\Enemy\Ghost\Akabe\Akabe.cpp(1,1): warning C4828: オフセット 0x1107 から始まる、現在のソースの文字セット (コードページ 65001) では使用できない文字がファイルに含まれています。
C:\PG\GameDevelopmentApplication1\Develop\Objects\Enemy\Ghost\Akabe\Akabe.cpp(1,1): warning C4828: オフセット 0x1108 から始まる、現在のソースの文字セット (コードページ 65001) では使用できない文字がファイルに含まれています。
C:\PG\GameDevelopmentApplication1\Develop\Objects\Enemy\Ghost\Akabe\Akabe.cpp(1,1): warning C4828: オフセット 0x1109 から始まる、現在のソースの文字セット (コードページ 65001) では使用できない文字がファイルに含まれています。
C:\PG\GameDevelopmentApplication1\Develop\Objects\Enemy\Ghost\Akabe\Akabe.cpp(1,1): warning C4828: オフセット 0x110a から始まる、現在のソースの文字セット (コードページ 65001) では使用できない文字がファイルに含まれています。
C:\PG\GameDevelopmentApplication1\Develop\Objects\Enemy\Ghost\Akabe\Akabe.cpp(1,1): warning C4828: オフセット 0x110b から始まる、現在のソースの文字セット (コードページ 65001) では使用できない文字がファイルに含まれています。
C:\PG\GameDevelopmentApplication1\Develop\Objects\Enemy\Ghost\Akabe\Akabe.cpp(1,1): warning C4828: オフセット 0x110c から始まる、現在のソースの文字セット (コードページ 65001) では使用できない文字がファイルに含まれています。
C:\PG\GameDevelopmentApplication1\Develop\Objects\Enemy\Ghost\Akabe\Akabe.cpp(1,1): warning C4828: オフセット 0x110d から始まる、現在のソースの文字セット (コードページ 65001) では使用できない文字がファイルに含まれています。
C:\PG\GameDevelopmentApplication1\Develop\Objects\Enemy\Ghost\Akabe\Akabe.cpp(1,1): warning C4828: オフセット 0x1111 から始まる、現在のソースの文字セット (コードページ 65001) では使用できない文字がファイルに含まれています。
C:\PG\GameDevelopmentApplication1\Develop\Objects\Enemy\Ghost\Akabe\Akabe.cpp(1,1): warning C4828: オフセット 0x118b から始まる、現在のソースの文字セット (コードページ 65001) では使用できない文字がファイルに含まれています。
C:\PG\GameDevelopmentApplication1\Develop\Objects\Enemy\Ghost\Akabe\Akabe.cpp(1,1): warning C4828: オフセット 0x118d から始まる、現在のソースの文字セット (コードページ 65001) では使用できない文字がファイルに含まれています。
C:\PG\GameDevelopmentApplication1\Develop\Objects\Enemy\Ghost\Akabe\Akabe.cpp(1,1): warning C4828: オフセット 0x118e から始まる、現在のソースの文字セット (コードページ 65001) では使用できない文字がファイルに含まれています。
C:\PG\GameDevelopmentApplication1\Develop\Objects\Enemy\Ghost\Akabe\Akabe.cpp(1,1): warning C4828: オフセット 0x118f から始まる、現在のソースの文字セット (コードページ 65001) では使用できない文字がファイルに含まれています。
C:\PG\GameDevelopmentApplication1\Develop\Objects\Enemy\Ghost\Akabe\Akabe.cpp(1,1): warning C4828: オフセット 0x1191 から始まる、現在のソースの文字セット (コードページ 65001) では使用できない文字がファイルに含まれています。
C:\PG\GameDevelopmentApplication1\Develop\Objects\Enemy\Ghost\Akabe\Akabe.cpp(1,1): warning C4828: オフセット 0x1192 から始まる、現在のソースの文字セット (コードページ 65001) では使用できない文字がファイルに含まれています。
C:\PG\GameDevelopmentApplication1\Develop\Objects\Enemy\Ghost\Akabe\Akabe.cpp(1,1): warning C4828: オフセット 0x1193 から始まる、現在のソースの文字セット (コードページ 65001) では使用できない文字がファイルに含まれています。
C:\PG\GameDevelopmentApplication1\Develop\Objects\Enemy\Ghost\Akabe\Akabe.cpp(1,1): warning C4828: オフセット 0x1194 から始まる、現在のソースの文字セット (コードページ 65001) では使用できない文字がファイルに含まれています。
C:\PG\GameDevelopmentApplication1\Develop\Objects\Enemy\Ghost\Akabe\Akabe.cpp(1,1): warning C4828: オフセット 0x1195 から始まる、現在のソースの文字セット (コードページ 65001) では使用できない文字がファイルに含まれています。
C:\PG\GameDevelopmentApplication1\Develop\Objects\Enemy\Ghost\Akabe\Akabe.cpp(1,1): warning C4828: オフセット 0x119a から始まる、現在のソースの文字セット (コードページ 65001) では使用できない文字がファイルに含まれています。
C:\PG\GameDevelopmentApplication1\Develop\Objects\Enemy\Ghost\Akabe\Akabe.cpp(1,1): warning C4828: オフセット 0x11f9 から始まる、現在のソースの文字セット (コードページ 65001) では使用できない文字がファイルに含まれています。
C:\PG\GameDevelopmentApplication1\Develop\Objects\Enemy\Ghost\Akabe\Akabe.cpp(1,1): warning C4828: オフセット 0x11fb から始まる、現在のソースの文字セット (コードページ 65001) では使用できない文字がファイルに含まれています。
C:\PG\GameDevelopmentApplication1\Develop\Objects\Enemy\Ghost\Akabe\Akabe.cpp(1,1): warning C4828: オフセット 0x11fd から始まる、現在のソースの文字セット (コードページ 65001) では使用できない文字がファイルに含まれています。
C:\PG\GameDevelopmentApplication1\Develop\Objects\Enemy\Ghost\Akabe\Akabe.cpp(1,1): warning C4828: オフセット 0x11ff から始まる、現在のソースの文字セット (コードページ 65001) では使用できない文字がファイルに含まれています。
C:\PG\GameDevelopmentApplication1\Develop\Objects\Enemy\Ghost\Akabe\Akabe.cpp(1,1): warning C4828: オフセット 0x1200 から始まる、現在のソースの文字セット (コードページ 65001) では使用できない文字がファイルに含まれています。
C:\PG\GameDevelopmentApplication1\Develop\Objects\Enemy\Ghost\Akabe\Akabe.cpp(1,1): warning C4828: オフセット 0x125a から始まる、現在のソースの文字セット (コードページ 65001) では使用できない文字がファイルに含まれています。
C:\PG\GameDevelopmentApplication1\Develop\Objects\Enemy\Ghost\Akabe\Akabe.cpp(1,1): warning C4828: オフセット 0x125d から始まる、現在のソースの文字セット (コードページ 65001) では使用できない文字がファイルに含まれています。
C:\PG\GameDevelopmentApplication1\Develop\Objects\Enemy\Ghost\Akabe\Akabe.cpp(1,1): warning C4828: オフセット 0x125e から始まる、現在のソースの文字セット (コードページ 65001) では使用できない文字がファイルに含まれています。
C:\PG\GameDevelopmentApplication1\Develop\Objects\Enemy\Ghost\Akabe\Akabe.cpp(1,1): warning C4828: オフセット 0x125f から始まる、現在のソースの文字セット (コードページ 65001) では使用できない文字がファイルに含まれています。
C:\PG\GameDevelopmentApplication1\Develop\Objects\Enemy\Ghost\Akabe\Akabe.cpp(1,1): warning C4828: オフセット 0x1260 から始まる、現在のソースの文字セット (コードページ 65001) では使用できない文字がファイルに含まれています。
C:\PG\GameDevelopmentApplication1\Develop\Objects\Enemy\Ghost\Akabe\Akabe.cpp(1,1): warning C4828: オフセット 0x1261 から始まる、現在のソースの文字セット (コードページ 65001) では使用できない文字がファイルに含まれています。
C:\PG\GameDevelopmentApplication1\Develop\Objects\Enemy\Ghost\Akabe\Akabe.cpp(1,1): warning C4828: オフセット 0x1262 から始まる、現在のソースの文字セット (コードページ 65001) では使用できない文字がファイルに含まれています。
C:\PG\GameDevelopmentApplication1\Develop\Objects\Enemy\Ghost\Akabe\Akabe.cpp(1,1): warning C4828: オフセット 0x1263 から始まる、現在のソースの文字セット (コードページ 65001) では使用できない文字がファイルに含まれています。
C:\PG\GameDevelopmentApplication1\Develop\Objects\Enemy\Ghost\Akabe\Akabe.cpp(1,1): warning C4828: オフセット 0x1264 から始まる、現在のソースの文字セット (コードページ 65001) では使用できない文字がファイルに含まれています。
C:\PG\GameDevelopmentApplication1\Develop\Objects\Enemy\Ghost\Akabe\Akabe.cpp(1,1): warning C4828: オフセット 0x1265 から始まる、現在のソースの文字セット (コードページ 65001) では使用できない文字がファイルに含まれています。
C:\PG\GameDevelopmentApplication1\Develop\Objects\Enemy\Ghost\Akabe\Akabe.cpp(1,1): warning C4828: オフセット 0x1336 から始まる、現在のソースの文字セット (コードページ 65001) では使用できない文字がファイルに含まれています。
C:\PG\GameDevelopmentApplication1\Develop\Objects\Enemy\Ghost\Akabe\Akabe.cpp(1,1): warning C4828: オフセット 0x1338 から始まる、現在のソースの文字セット (コードページ 65001) では使用できない文字がファイルに含まれています。
C:\PG\GameDevelopmentApplication1\Develop\Objects\Enemy\Ghost\Akabe\Akabe.cpp(1,1): warning C4828: オフセット 0x133a から始まる、現在のソースの文字セット (コードページ 65001) では使用できない文字がファイルに含まれています。
C:\PG\GameDevelopmentApplication1\Develop\Objects\Enemy\Ghost\Akabe\Akabe.cpp(1,1): warning C4828: オフセット 0x133b から始まる、現在のソースの文字セット (コードページ 65001) では使用できない文字がファイルに含まれています。
C:\PG\GameDevelopmentApplication1\Develop\Objects\Enemy\Ghost\Akabe\Akabe.cpp(1,1): warning C4828: オフセット 0x133c から始まる、現在のソースの文字セット (コードページ 65001) では使用できない文字がファイルに含まれています。
C:\PG\GameDevelopmentApplication1\Develop\Objects\Enemy\Ghost\Akabe\Akabe.cpp(1,1): warning C4828: オフセット 0x133e から始まる、現在のソースの文字セット (コードページ 65001) では使用できない文字がファイルに含まれています。
C:\PG\GameDevelopmentApplication1\Develop\Objects\Enemy\Ghost\Akabe\Akabe.cpp(1,1): warning C4828: オフセット 0x1340 から始まる、現在のソースの文字セット (コードページ 65001) では使用できない文字がファイルに含まれています。
C:\PG\GameDevelopmentApplication1\Develop\Objects\Enemy\Ghost\Akabe\Akabe.cpp(1,1): warning C4828: オフセット 0x1341 から始まる、現在のソースの文字セット (コードページ 65001) では使用できない文字がファイルに含まれています。
C:\PG\GameDevelopmentApplication1\Develop\Objects\Enemy\Ghost\Akabe\Akabe.cpp(1,1): warning C4828: オフセット 0x1342 から始まる、現在のソースの文字セット (コードページ 65001) では使用できない文字がファイルに含まれています。
C:\PG\GameDevelopmentApplication1\Develop\Objects\Enemy\Ghost\Akabe\Akabe.cpp(1,1): warning C4828: オフセット 0x1343 から始まる、現在のソースの文字セット (コードページ 65001) では使用できない文字がファイルに含まれています。
C:\PG\GameDevelopmentApplication1\Develop\Objects\Enemy\Ghost\Akabe\Akabe.cpp(1,1): warning C4828: オフセット 0x1344 から始まる、現在のソースの文字セット (コードページ 65001) では使用できない文字がファイルに含まれています。
C:\PG\GameDevelopmentApplication1\Develop\Objects\Enemy\Ghost\Akabe\Akabe.cpp(1,1): warning C4828: オフセット 0x1345 から始まる、現在のソースの文字セット (コードページ 65001) では使用できない文字がファイルに含まれています。
C:\PG\GameDevelopmentApplication1\Develop\Objects\Enemy\Ghost\Akabe\Akabe.cpp(1,1): warning C4828: オフセット 0x1346 から始まる、現在のソースの文字セット (コードページ 65001) では使用できない文字がファイルに含まれています。
C:\PG\GameDevelopmentApplication1\Develop\Objects\Enemy\Ghost\Akabe\Akabe.cpp(1,1): warning C4828: オフセット 0x1347 から始まる、現在のソースの文字セット (コードページ 65001) では使用できない文字がファイルに含まれています。
C:\PG\GameDevelopmentApplication1\Develop\Objects\Enemy\Ghost\Akabe\Akabe.cpp(1,1): warning C4828: オフセット 0x1383 から始まる、現在のソースの文字セット (コードページ 65001) では使用できない文字がファイルに含まれています。
C:\PG\GameDevelopmentApplication1\Develop\Objects\Enemy\Ghost\Akabe\Akabe.cpp(1,1): warning C4828: オフセット 0x1386 から始まる、現在のソースの文字セット (コードページ 65001) では使用できない文字がファイルに含まれています。
C:\PG\GameDevelopmentApplication1\Develop\Objects\Enemy\Ghost\Akabe\Akabe.cpp(1,1): warning C4828: オフセット 0x1387 から始まる、現在のソースの文字セット (コードページ 65001) では使用できない文字がファイルに含まれています。
C:\PG\GameDevelopmentApplication1\Develop\Objects\Enemy\Ghost\Akabe\Akabe.cpp(1,1): warning C4828: オフセット 0x1388 から始まる、現在のソースの文字セット (コードページ 65001) では使用できない文字がファイルに含まれています。
C:\PG\GameDevelopmentApplication1\Develop\Objects\Enemy\Ghost\Akabe\Akabe.cpp(1,1): warning C4828: オフセット 0x1389 から始まる、現在のソースの文字セット (コードページ 65001) では使用できない文字がファイルに含まれています。
C:\PG\GameDevelopmentApplication1\Develop\Objects\Enemy\Ghost\Akabe\Akabe.cpp(1,1): warning C4828: オフセット 0x138d から始まる、現在のソースの文字セット (コードページ 65001) では使用できない文字がファイルに含まれています。
C:\PG\GameDevelopmentApplication1\Develop\Objects\Enemy\Ghost\Akabe\Akabe.cpp(1,1): warning C4828: オフセット 0x138f から始まる、現在のソースの文字セット (コードページ 65001) では使用できない文字がファイルに含まれています。
C:\PG\GameDevelopmentApplication1\Develop\Objects\Enemy\Ghost\Akabe\Akabe.cpp(1,1): warning C4828: オフセット 0x1390 から始まる、現在のソースの文字セット (コードページ 65001) では使用できない文字がファイルに含まれています。
C:\PG\GameDevelopmentApplication1\Develop\Objects\Enemy\Ghost\Akabe\Akabe.cpp(1,1): warning C4828: オフセット 0x1391 から始まる、現在のソースの文字セット (コードページ 65001) では使用できない文字がファイルに含まれています。
C:\PG\GameDevelopmentApplication1\Develop\Objects\Enemy\Ghost\Akabe\Akabe.cpp(1,1): warning C4828: オフセット 0x1393 から始まる、現在のソースの文字セット (コードページ 65001) では使用できない文字がファイルに含まれています。
C:\PG\GameDevelopmentApplication1\Develop\Objects\Enemy\Ghost\Akabe\Akabe.cpp(1,1): warning C4828: オフセット 0x1395 から始まる、現在のソースの文字セット (コードページ 65001) では使用できない文字がファイルに含まれています。
C:\PG\GameDevelopmentApplication1\Develop\Objects\Enemy\Ghost\Akabe\Akabe.cpp(1,1): warning C4828: オフセット 0x1396 から始まる、現在のソースの文字セット (コードページ 65001) では使用できない文字がファイルに含まれています。
C:\PG\GameDevelopmentApplication1\Develop\Objects\Enemy\Ghost\Akabe\Akabe.cpp(1,1): warning C4828: オフセット 0x1397 から始まる、現在のソースの文字セット (コードページ 65001) では使用できない文字がファイルに含まれています。
C:\PG\GameDevelopmentApplication1\Develop\Objects\Enemy\Ghost\Akabe\Akabe.cpp(1,1): warning C4828: オフセット 0x1398 から始まる、現在のソースの文字セット (コードページ 65001) では使用できない文字がファイルに含まれています。
C:\PG\GameDevelopmentApplication1\Develop\Objects\Enemy\Ghost\Akabe\Akabe.cpp(1,1): warning C4828: オフセット 0x145e から始まる、現在のソースの文字セット (コードページ 65001) では使用できない文字がファイルに含まれています。
C:\PG\GameDevelopmentApplication1\Develop\Objects\Enemy\Ghost\Akabe\Akabe.cpp(1,1): warning C4828: オフセット 0x1462 から始まる、現在のソースの文字セット (コードページ 65001) では使用できない文字がファイルに含まれています。
C:\PG\GameDevelopmentApplication1\Develop\Objects\Enemy\Ghost\Akabe\Akabe.cpp(1,1): warning C4828: オフセット 0x1467 から始まる、現在のソースの文字セット (コードページ 65001) では使用できない文字がファイルに含まれています。
C:\dxlib\DxFunctionWin.h(268,1): warning C4010: 単一行コメント (//) に、行連結文字があります。
  (ソース ファイル 'Objects/Enemy/Ghost/Akabe/Akabe.cpp' をコンパイルしています)
  
C:\PG\GameDevelopmentApplication1\Develop\Objects\Enemy\Ghost\Akabe\Akabe.cpp(13,9): warning C4101: 'akabe': ローカル変数は 1 度も使われていません。
C:\PG\GameDevelopmentApplication1\Develop\Objects\Enemy\Ghost\Akabe\Akabe.cpp(12,10): warning C4101: 'player': ローカル変数は 1 度も使われていません。
  Develop.vcxproj -> C:\PG\GameDevelopmentApplication1\x64\Debug\Develop.exe
